[debug] [2026-05-02T06:46:06.936Z] ----------------------------------------------------------------------
[debug] [2026-05-02T06:46:06.938Z] Command:       C:\Program Files\nodejs\node.exe C:\Users\raju\AppData\Local\npm-cache\_npx\7750544ccf494d8b\node_modules\firebase-tools\lib\bin\firebase.js deploy --only hosting
[debug] [2026-05-02T06:46:06.938Z] CLI Version:   15.16.0
[debug] [2026-05-02T06:46:06.938Z] Platform:      win32
[debug] [2026-05-02T06:46:06.938Z] Node Version:  v24.15.0
[debug] [2026-05-02T06:46:06.938Z] Time:          Sat May 02 2026 12:16:06 GMT+0530 (India Standard Time)
[debug] [2026-05-02T06:46:06.939Z] ----------------------------------------------------------------------
[debug] 
[debug] [2026-05-02T06:46:08.882Z] > command requires scopes: ["email","openid","https://www.googleapis.com/auth/cloudplatformprojects.readonly","https://www.googleapis.com/auth/firebase","https://www.googleapis.com/auth/cloud-platform"]
[debug] [2026-05-02T06:46:08.882Z] > authorizing via signed-in user (udayraj9966@gmail.com)
[debug] [2026-05-02T06:46:08.882Z] [iam] checking project crackit-c11df for permissions ["firebase.projects.get","firebasehosting.sites.update"]
[debug] [2026-05-02T06:46:08.883Z] Checked if tokens are valid: true, expires at: 1777707577960
[debug] [2026-05-02T06:46:08.883Z] Checked if tokens are valid: true, expires at: 1777707577960
[debug] [2026-05-02T06:46:08.884Z] >>> [apiv2][query] POST https://cloudresourcemanager.googleapis.com/v1/projects/crackit-c11df:testIamPermissions [none]
[debug] [2026-05-02T06:46:08.884Z] >>> [apiv2][(partial)header] POST https://cloudresourcemanager.googleapis.com/v1/projects/crackit-c11df:testIamPermissions  x-goog-user-project=crackit-c11df
[debug] [2026-05-02T06:46:08.884Z] >>> [apiv2][body] POST https://cloudresourcemanager.googleapis.com/v1/projects/crackit-c11df:testIamPermissions {"permissions":["firebase.projects.get","firebasehosting.sites.update"]}
[debug] [2026-05-02T06:46:10.305Z] <<< [apiv2][status] POST https://cloudresourcemanager.googleapis.com/v1/projects/crackit-c11df:testIamPermissions 200
[debug] [2026-05-02T06:46:10.305Z] <<< [apiv2][body] POST https://cloudresourcemanager.googleapis.com/v1/projects/crackit-c11df:testIamPermissions {"permissions":["firebase.projects.get","firebasehosting.sites.update"]}
[debug] [2026-05-02T06:46:10.305Z] Checked if tokens are valid: true, expires at: 1777707577960
[debug] [2026-05-02T06:46:10.305Z] Checked if tokens are valid: true, expires at: 1777707577960
[debug] [2026-05-02T06:46:10.306Z] >>> [apiv2][query] GET https://firebase.googleapis.com/v1beta1/projects/crackit-c11df [none]
[debug] [2026-05-02T06:46:10.968Z] <<< [apiv2][status] GET https://firebase.googleapis.com/v1beta1/projects/crackit-c11df 200
[debug] [2026-05-02T06:46:10.968Z] <<< [apiv2][body] GET https://firebase.googleapis.com/v1beta1/projects/crackit-c11df {"projectId":"crackit-c11df","projectNumber":"246640801896","displayName":"Crackit","name":"projects/crackit-c11df","resources":{"hostingSite":"crackit-c11df"},"state":"ACTIVE","etag":"1_b2704891-7521-4f67-a99f-3f181d71d210"}
[debug] [2026-05-02T06:46:12.212Z] Checked if tokens are valid: true, expires at: 1777707577960
[debug] [2026-05-02T06:46:12.213Z] Checked if tokens are valid: true, expires at: 1777707577960
[debug] [2026-05-02T06:46:12.213Z] >>> [apiv2][query] GET https://firebasehosting.googleapis.com/v1beta1/projects/crackit-c11df/sites pageToken=&pageSize=10
[debug] [2026-05-02T06:46:13.306Z] <<< [apiv2][status] GET https://firebasehosting.googleapis.com/v1beta1/projects/crackit-c11df/sites 200
[debug] [2026-05-02T06:46:13.306Z] <<< [apiv2][body] GET https://firebasehosting.googleapis.com/v1beta1/projects/crackit-c11df/sites {"sites":[{"name":"projects/crackit-c11df/sites/crackit-c11df","defaultUrl":"https://crackit-c11df.web.app","type":"DEFAULT_SITE"}]}
[debug] [2026-05-02T06:46:13.307Z] Checked if tokens are valid: true, expires at: 1777707577960
[debug] [2026-05-02T06:46:13.307Z] Checked if tokens are valid: true, expires at: 1777707577960
[debug] [2026-05-02T06:46:13.307Z] >>> [apiv2][query] GET https://firebasehosting.googleapis.com/v1beta1/projects/crackit-c11df/sites 
[debug] [2026-05-02T06:46:14.026Z] <<< [apiv2][status] GET https://firebasehosting.googleapis.com/v1beta1/projects/crackit-c11df/sites 200
[debug] [2026-05-02T06:46:14.026Z] <<< [apiv2][body] GET https://firebasehosting.googleapis.com/v1beta1/projects/crackit-c11df/sites {"sites":[{"name":"projects/crackit-c11df/sites/crackit-c11df","defaultUrl":"https://crackit-c11df.web.app","type":"DEFAULT_SITE"}]}
[debug] [2026-05-02T06:46:14.026Z] Checked if tokens are valid: true, expires at: 1777707577960
[debug] [2026-05-02T06:46:14.026Z] Checked if tokens are valid: true, expires at: 1777707577960
[debug] [2026-05-02T06:46:14.026Z] >>> [apiv2][query] GET https://firebase.googleapis.com/v1beta1/projects/crackit-c11df/webApps/-/config [none]
[debug] [2026-05-02T06:46:15.159Z] <<< [apiv2][status] GET https://firebase.googleapis.com/v1beta1/projects/crackit-c11df/webApps/-/config 200
[debug] [2026-05-02T06:46:15.159Z] <<< [apiv2][body] GET https://firebase.googleapis.com/v1beta1/projects/crackit-c11df/webApps/-/config {"projectId":"crackit-c11df","appId":"1:246640801896:web:75c506a2ebb4aa2fde63dd","storageBucket":"crackit-c11df.firebasestorage.app","apiKey":"AIzaSyASYY_zaVTxhdLWj28vTZ4Y5e7thbDIbGo","authDomain":"crackit-c11df.firebaseapp.com","messagingSenderId":"246640801896","measurementId":"G-SFY7S48D68","projectNumber":"246640801896","version":"2"}
[info] 
   Thank you for trying our early preview of Next.js support on Firebase Hosting.
   During the preview, support is best-effort and breaking changes can be expected. Proceed with caution.

   Documentation: https://firebase.google.com/docs/hosting/frameworks/nextjs
   File a bug: https://github.com/firebase/firebase-tools/issues/new?template=bug_report.md
   Submit a feature request: https://github.com/firebase/firebase-tools/issues/new?template=feature_request.md

   We'd love to learn from you. Express your interest in helping us shape the future of Firebase Hosting: https://goo.gle/41enW5X

[debug] [2026-05-02T06:46:17.954Z] Checked if tokens are valid: true, expires at: 1777707577960
[debug] [2026-05-02T06:46:17.955Z] Checked if tokens are valid: true, expires at: 1777707577960
[debug] [2026-05-02T06:46:17.955Z] >>> [apiv2][query] GET https://firebasehosting.googleapis.com/v1beta1/projects/crackit-c11df/sites/crackit-c11df [none]
[debug] [2026-05-02T06:46:18.626Z] <<< [apiv2][status] GET https://firebasehosting.googleapis.com/v1beta1/projects/crackit-c11df/sites/crackit-c11df 200
[debug] [2026-05-02T06:46:18.626Z] <<< [apiv2][body] GET https://firebasehosting.googleapis.com/v1beta1/projects/crackit-c11df/sites/crackit-c11df {"name":"projects/crackit-c11df/sites/crackit-c11df","defaultUrl":"https://crackit-c11df.web.app","type":"DEFAULT_SITE"}
[info]   ▲ Next.js 14.2.35

[info]   - Environments: .env.local, .env


[info]    Creating an optimized production build ...

[info] <w> [webpack.cache.PackFileCacheStrategy] Serializing big strings (216kiB) impacts deserialization performance (consider using Buffer instead and decode when needed)

[info]  ✓ Compiled successfully

[info]    Linting and checking validity of types ...

[info]    Collecting page data ...

[info]    Generating static pages (0/17) ...

[info]    Generating static pages (4/17) 

[info]    Generating static pages (8/17) 

[info]    Generating static pages (12/17) 

[info]  ✓ Generating static pages (17/17)

[info]    Finalizing page optimization ...
   Collecting build traces ...

[info] 

[info] Route (app)                              Size     First Load JS
┌ ○ /                                    693 B           220 kB
├ ○ /_not-found                          873 B          88.2 kB
├ ƒ /api/interview/generate              0 B                0 B
├ ƒ /api/interview/vision                0 B                0 B
├ ƒ /api/resume/generate                 0 B                0 B
├ ƒ /api/resume/parse                    0 B                0 B
├ ○ /coding                              245 B            92 kB
├ ○ /dashboard                           820 B           229 kB
├ ○ /interview                           2.85 kB        90.2 kB
├ ○ /login                               1.72 kB         209 kB
├ ○ /mock                                244 B          92.5 kB
├ ○ /onboarding                          3.51 kB        90.8 kB
├ ○ /resume                              245 B          92.7 kB
├ ○ /settings                            12 kB          99.3 kB
└ ○ /stealth                             3.06 kB        90.4 kB
+ First Load JS shared by all            87.3 kB
  ├ chunks/117-db03c3021d529b02.js       31.7 kB
  ├ chunks/fd9d1056-87da80e0c187477b.js  53.6 kB
  └ other shared chunks (total)          1.95 kB


ƒ Middleware                             26.5 kB

[info] 
○  (Static)   prerendered as static content
ƒ  (Dynamic)  server-rendered on demand


[info] Building a Cloud Function to run this application. This is needed due to:
[info]  • middleware
[info]  • non-static component /api/interview/generate/route
[info]  • non-static component /api/interview/vision/route
[info]  • non-static component /api/resume/generate/route
[info]  • non-static component /api/resume/parse/route
[info] 
[debug] [2026-05-02T06:46:32.915Z] skipping /stealth due to it matching an unsupported rewrite/redirect/header or middlware
[debug] [2026-05-02T06:46:32.915Z] skipping /mock due to it matching an unsupported rewrite/redirect/header or middlware
[debug] [2026-05-02T06:46:32.915Z] skipping /onboarding due to it matching an unsupported rewrite/redirect/header or middlware
[debug] [2026-05-02T06:46:32.915Z] skipping /coding due to it matching an unsupported rewrite/redirect/header or middlware
[debug] [2026-05-02T06:46:32.915Z] skipping /resume due to it matching an unsupported rewrite/redirect/header or middlware
[debug] [2026-05-02T06:46:32.915Z] skipping /settings due to it matching an unsupported rewrite/redirect/header or middlware
[debug] [2026-05-02T06:46:32.915Z] skipping /interview due to it matching an unsupported rewrite/redirect/header or middlware
[debug] [2026-05-02T06:46:32.915Z] skipping /login due to it matching an unsupported rewrite/redirect/header or middlware
[debug] [2026-05-02T06:46:32.915Z] skipping / due to it matching an unsupported rewrite/redirect/header or middlware
[debug] [2026-05-02T06:46:32.915Z] skipping /dashboard due to it matching an unsupported rewrite/redirect/header or middlware
[debug] [2026-05-02T06:46:32.916Z] skipping /404 due to it matching an unsupported rewrite/redirect/header or middlware
[debug] [2026-05-02T06:46:35.655Z] Checked if tokens are valid: true, expires at: 1777707577960
[debug] [2026-05-02T06:46:35.655Z] Checked if tokens are valid: true, expires at: 1777707577960
[debug] [2026-05-02T06:46:35.655Z] >>> [apiv2][query] GET https://firebasehosting.googleapis.com/v1beta1/projects/crackit-c11df/sites/crackit-c11df [none]
[debug] [2026-05-02T06:46:36.795Z] <<< [apiv2][status] GET https://firebasehosting.googleapis.com/v1beta1/projects/crackit-c11df/sites/crackit-c11df 200
[debug] [2026-05-02T06:46:36.795Z] <<< [apiv2][body] GET https://firebasehosting.googleapis.com/v1beta1/projects/crackit-c11df/sites/crackit-c11df {"name":"projects/crackit-c11df/sites/crackit-c11df","defaultUrl":"https://crackit-c11df.web.app","type":"DEFAULT_SITE"}
[debug] [2026-05-02T06:46:47.408Z] [web frameworks] effective firebase.json:  {
  "hosting": [
    {
      "source": ".",
      "ignore": [
        "firebase.json",
        "**/.*",
        "**/node_modules/**"
      ],
      "frameworksBackend": {
        "region": "us-central1"
      },
      "site": "crackit-c11df",
      "rewrites": [
        {
          "source": "**",
          "function": {
            "functionId": "ssrcrackitc11df",
            "region": "us-central1",
            "pinTag": true
          }
        }
      ],
      "redirects": [],
      "headers": [
        {
          "source": "/_not-found",
          "headers": [
            {
              "key": "x-next-cache-tags",
              "value": "_N_T_/layout,_N_T_/_not-found/layout,_N_T_/_not-found/page,_N_T_/_not-found"
            }
          ]
        },
        {
          "source": "/interview",
          "headers": [
            {
              "key": "x-next-cache-tags",
              "value": "_N_T_/layout,_N_T_/interview/layout,_N_T_/interview/page,_N_T_/interview"
            }
          ]
        },
        {
          "source": "/mock",
          "headers": [
            {
              "key": "x-next-cache-tags",
              "value": "_N_T_/layout,_N_T_/mock/layout,_N_T_/mock/page,_N_T_/mock"
            }
          ]
        },
        {
          "source": "/onboarding",
          "headers": [
            {
              "key": "x-next-cache-tags",
              "value": "_N_T_/layout,_N_T_/onboarding/layout,_N_T_/onboarding/page,_N_T_/onboarding"
            }
          ]
        },
        {
          "source": "/coding",
          "headers": [
            {
              "key": "x-next-cache-tags",
              "value": "_N_T_/layout,_N_T_/coding/layout,_N_T_/coding/page,_N_T_/coding"
            }
          ]
        },
        {
          "source": "/resume",
          "headers": [
            {
              "key": "x-next-cache-tags",
              "value": "_N_T_/layout,_N_T_/resume/layout,_N_T_/resume/page,_N_T_/resume"
            }
          ]
        },
        {
          "source": "/dashboard",
          "headers": [
            {
              "key": "x-next-cache-tags",
              "value": "_N_T_/layout,_N_T_/dashboard/layout,_N_T_/dashboard/page,_N_T_/dashboard"
            }
          ]
        },
        {
          "source": "/login",
          "headers": [
            {
              "key": "x-next-cache-tags",
              "value": "_N_T_/layout,_N_T_/login/layout,_N_T_/login/page,_N_T_/login"
            }
          ]
        },
        {
          "source": "/stealth",
          "headers": [
            {
              "key": "x-next-cache-tags",
              "value": "_N_T_/layout,_N_T_/stealth/layout,_N_T_/stealth/page,_N_T_/stealth"
            }
          ]
        },
        {
          "source": "/settings",
          "headers": [
            {
              "key": "x-next-cache-tags",
              "value": "_N_T_/layout,_N_T_/settings/layout,_N_T_/settings/page,_N_T_/settings"
            }
          ]
        },
        {
          "source": "**/*.[jt]s",
          "headers": [
            {
              "key": "Set-Cookie",
              "value": "__FIREBASE_DEFAULTS__=eyJjb25maWciOnsicHJvamVjdElkIjoiY3JhY2tpdC1jMTFkZiIsImFwcElkIjoiMToyNDY2NDA4MDE4OTY6d2ViOjc1YzUwNmEyZWJiNGFhMmZkZTYzZGQiLCJzdG9yYWdlQnVja2V0IjoiY3JhY2tpdC1jMTFkZi5maXJlYmFzZXN0b3JhZ2UuYXBwIiwiYXBpS2V5IjoiQUl6YVN5QVNZWV96YVZUeGhkTFdqMjh2VFo0WTVlN3RoYkRJYkdvIiwiYXV0aERvbWFpbiI6ImNyYWNraXQtYzExZGYuZmlyZWJhc2VhcHAuY29tIiwibWVzc2FnaW5nU2VuZGVySWQiOiIyNDY2NDA4MDE4OTYiLCJtZWFzdXJlbWVudElkIjoiRy1TRlk3UzQ4RDY4IiwicHJvamVjdE51bWJlciI6IjI0NjY0MDgwMTg5NiIsInZlcnNpb24iOiIyIn0sIl9hdXRoVG9rZW5TeW5jVVJMIjoiL19fc2Vzc2lvbiJ9; SameSite=Strict; Expires=2028-03-26T17:26:47.407Z; Path=/;"
            }
          ]
        }
      ],
      "cleanUrls": true,
      "trailingSlash": false,
      "public": ".firebase\\crackit-c11df\\hosting",
      "webFramework": "next_ssr"
    }
  ],
  "functions": [
    {
      "source": ".firebase\\crackit-c11df\\functions",
      "codebase": "firebase-frameworks-crackit-c11df"
    }
  ]
}
[debug] [2026-05-02T06:46:47.408Z] > command requires scopes: ["email","openid","https://www.googleapis.com/auth/cloudplatformprojects.readonly","https://www.googleapis.com/auth/firebase","https://www.googleapis.com/auth/cloud-platform"]
[debug] [2026-05-02T06:46:47.408Z] > authorizing via signed-in user (udayraj9966@gmail.com)
[debug] [2026-05-02T06:46:47.408Z] [iam] checking project crackit-c11df for permissions ["cloudfunctions.functions.create","cloudfunctions.functions.delete","cloudfunctions.functions.get","cloudfunctions.functions.list","cloudfunctions.functions.update","cloudfunctions.operations.get","firebase.projects.get"]
[debug] [2026-05-02T06:46:47.409Z] Checked if tokens are valid: true, expires at: 1777707577960
[debug] [2026-05-02T06:46:47.409Z] Checked if tokens are valid: true, expires at: 1777707577960
[debug] [2026-05-02T06:46:47.409Z] >>> [apiv2][query] POST https://cloudresourcemanager.googleapis.com/v1/projects/crackit-c11df:testIamPermissions [none]
[debug] [2026-05-02T06:46:47.409Z] >>> [apiv2][(partial)header] POST https://cloudresourcemanager.googleapis.com/v1/projects/crackit-c11df:testIamPermissions  x-goog-user-project=crackit-c11df
[debug] [2026-05-02T06:46:47.409Z] >>> [apiv2][body] POST https://cloudresourcemanager.googleapis.com/v1/projects/crackit-c11df:testIamPermissions {"permissions":["cloudfunctions.functions.create","cloudfunctions.functions.delete","cloudfunctions.functions.get","cloudfunctions.functions.list","cloudfunctions.functions.update","cloudfunctions.operations.get","firebase.projects.get"]}
[debug] [2026-05-02T06:46:48.710Z] <<< [apiv2][status] POST https://cloudresourcemanager.googleapis.com/v1/projects/crackit-c11df:testIamPermissions 200
[debug] [2026-05-02T06:46:48.710Z] <<< [apiv2][body] POST https://cloudresourcemanager.googleapis.com/v1/projects/crackit-c11df:testIamPermissions {"permissions":["cloudfunctions.functions.create","cloudfunctions.functions.delete","cloudfunctions.functions.get","cloudfunctions.functions.list","cloudfunctions.functions.update","cloudfunctions.operations.get","firebase.projects.get"]}
[debug] [2026-05-02T06:46:48.711Z] Checked if tokens are valid: true, expires at: 1777707577960
[debug] [2026-05-02T06:46:48.711Z] Checked if tokens are valid: true, expires at: 1777707577960
[debug] [2026-05-02T06:46:48.711Z] >>> [apiv2][query] GET https://cloudfunctions.googleapis.com/v1/projects/crackit-c11df/locations/-/functions [none]
[debug] [2026-05-02T06:46:49.548Z] <<< [apiv2][status] GET https://cloudfunctions.googleapis.com/v1/projects/crackit-c11df/locations/-/functions 200
[debug] [2026-05-02T06:46:49.548Z] <<< [apiv2][body] GET https://cloudfunctions.googleapis.com/v1/projects/crackit-c11df/locations/-/functions {}
[debug] [2026-05-02T06:46:49.548Z] Checked if tokens are valid: true, expires at: 1777707577960
[debug] [2026-05-02T06:46:49.548Z] Checked if tokens are valid: true, expires at: 1777707577960
[debug] [2026-05-02T06:46:49.548Z] >>> [apiv2][query] GET https://cloudfunctions.googleapis.com/v2/projects/crackit-c11df/locations/-/functions filter=environment%3D%22GEN_2%22
[debug] [2026-05-02T06:46:51.278Z] <<< [apiv2][status] GET https://cloudfunctions.googleapis.com/v2/projects/crackit-c11df/locations/-/functions 200
[debug] [2026-05-02T06:46:51.278Z] <<< [apiv2][body] GET https://cloudfunctions.googleapis.com/v2/projects/crackit-c11df/locations/-/functions {"functions":[{"name":"projects/crackit-c11df/locations/us-central1/functions/ssrcrackitc11df","buildConfig":{"build":"projects/246640801896/locations/us-central1/builds/88cbdc95-bef8-4987-8b96-24e61313fcdc","runtime":"nodejs24","entryPoint":"ssrcrackitc11df","source":{"storageSource":{"bucket":"gcf-v2-sources-246640801896-us-central1","object":"ssrcrackitc11df/function-source.zip","generation":"1777704095682521"}},"environmentVariables":{"GOOGLE_NODE_RUN_SCRIPTS":""},"dockerRepository":"projects/crackit-c11df/locations/us-central1/repositories/gcf-artifacts","sourceProvenance":{"resolvedStorageSource":{"bucket":"gcf-v2-sources-246640801896-us-central1","object":"ssrcrackitc11df/function-source.zip","generation":"1777704095682521"}},"dockerRegistry":"ARTIFACT_REGISTRY","serviceAccount":"projects/crackit-c11df/serviceAccounts/246640801896-compute@developer.gserviceaccount.com","automaticUpdatePolicy":{}},"serviceConfig":{"service":"projects/crackit-c11df/locations/us-central1/services/ssrcrackitc11df","timeoutSeconds":60,"environmentVariables":{"VERCEL_URL":"crackit-c11df.web.app","__FIREBASE_FRAMEWORKS_ENTRY__":"next.js","__FIREBASE_DEFAULTS__":"{\"config\":{\"projectId\":\"crackit-c11df\",\"appId\":\"1:246640801896:web:75c506a2ebb4aa2fde63dd\",\"storageBucket\":\"crackit-c11df.firebasestorage.app\",\"apiKey\":\"AIzaSyASYY_zaVTxhdLWj28vTZ4Y5e7thbDIbGo\",\"authDomain\":\"crackit-c11df.firebaseapp.com\",\"messagingSenderId\":\"246640801896\",\"measurementId\":\"G-SFY7S48D68\",\"projectNumber\":\"246640801896\",\"version\":\"2\"},\"_authTokenSyncURL\":\"/__session\"}","FIREBASE_CONFIG":"{\"projectId\":\"crackit-c11df\",\"storageBucket\":\"crackit-c11df.firebasestorage.app\"}","GCLOUD_PROJECT":"crackit-c11df","EVENTARC_CLOUD_EVENT_SOURCE":"projects/crackit-c11df/locations/us-central1/services/ssrcrackitc11df","FUNCTION_TARGET":"ssrcrackitc11df","LOG_EXECUTION_ID":"true"},"maxInstanceCount":20,"ingressSettings":"ALLOW_ALL","uri":"https://ssrcrackitc11df-h6eatnal4a-uc.a.run.app","serviceAccountEmail":"246640801896-compute@developer.gserviceaccount.com","availableMemory":"256Mi","allTrafficOnLatestRevision":true,"revision":"ssrcrackitc11df-00004-pip","maxInstanceRequestConcurrency":80,"availableCpu":"1"},"state":"ACTIVE","updateTime":"2026-05-02T06:43:48.894330612Z","labels":{"firebase-functions-hash":"7c50ac7c200835c41dd2a5f1b4fae361d6ab267f","deployment-tool":"cli-firebase","firebase-functions-codebase":"firebase-frameworks-crackit-c11df"},"environment":"GEN_2","url":"https://us-central1-crackit-c11df.cloudfunctions.net/ssrcrackitc11df","createTime":"2026-05-01T05:40:14.678523463Z","satisfiesPzi":true}]}
[info] i  hosting: The following function(s) are pinned to site crackit-c11df and will be deployed as well: ssrcrackitc11df 
[info] 
[info] === Deploying to 'crackit-c11df'...
[info] 
[info] i  deploying functions, hosting 
[debug] [2026-05-02T06:46:51.280Z] Checked if tokens are valid: true, expires at: 1777707577960
[debug] [2026-05-02T06:46:51.280Z] Checked if tokens are valid: true, expires at: 1777707577960
[debug] [2026-05-02T06:46:51.280Z] >>> [apiv2][query] GET https://cloudresourcemanager.googleapis.com/v1/projects/crackit-c11df [none]
[debug] [2026-05-02T06:46:51.566Z] <<< [apiv2][status] GET https://cloudresourcemanager.googleapis.com/v1/projects/crackit-c11df 200
[debug] [2026-05-02T06:46:51.566Z] <<< [apiv2][body] GET https://cloudresourcemanager.googleapis.com/v1/projects/crackit-c11df {"projectNumber":"246640801896","projectId":"crackit-c11df","lifecycleState":"ACTIVE","name":"Crackit","labels":{"firebase":"enabled","firebase-core":"disabled"},"createTime":"2026-05-01T05:15:59.903Z"}
[info] i  functions: preparing codebase firebase-frameworks-crackit-c11df for deployment 
[info] i  functions: ensuring required API cloudfunctions.googleapis.com is enabled... 
[info] i  functions: ensuring required API cloudbuild.googleapis.com is enabled... 
[info] i  artifactregistry: ensuring required API artifactregistry.googleapis.com is enabled... 
[debug] [2026-05-02T06:46:51.567Z] Checked if tokens are valid: true, expires at: 1777707577960
[debug] [2026-05-02T06:46:51.567Z] Checked if tokens are valid: true, expires at: 1777707577960
[debug] [2026-05-02T06:46:51.567Z] >>> [apiv2][query] GET https://firebase.googleapis.com/v1beta1/projects/crackit-c11df/adminSdkConfig [none]
[debug] [2026-05-02T06:46:51.986Z] <<< [apiv2][status] GET https://firebase.googleapis.com/v1beta1/projects/crackit-c11df/adminSdkConfig 200
[debug] [2026-05-02T06:46:51.986Z] <<< [apiv2][body] GET https://firebase.googleapis.com/v1beta1/projects/crackit-c11df/adminSdkConfig {"projectId":"crackit-c11df","storageBucket":"crackit-c11df.firebasestorage.app"}
[debug] [2026-05-02T06:46:51.986Z] Checked if tokens are valid: true, expires at: 1777707577960
[debug] [2026-05-02T06:46:51.987Z] Checked if tokens are valid: true, expires at: 1777707577960
[debug] [2026-05-02T06:46:51.987Z] >>> [apiv2][query] GET https://runtimeconfig.googleapis.com/v1beta1/projects/crackit-c11df/configs [none]
[debug] [2026-05-02T06:46:52.586Z] <<< [apiv2][status] GET https://runtimeconfig.googleapis.com/v1beta1/projects/crackit-c11df/configs 200
[debug] [2026-05-02T06:46:52.587Z] <<< [apiv2][body] GET https://runtimeconfig.googleapis.com/v1beta1/projects/crackit-c11df/configs {}
[debug] [2026-05-02T06:46:52.587Z] Validating nodejs source
[warn] !  functions: package.json indicates an outdated version of firebase-functions. Please upgrade using npm install --save firebase-functions@latest in your functions directory. 
[warn] !  functions: Please note that there will be breaking changes when you upgrade. 
[debug] [2026-05-02T06:46:53.106Z] > [functions] package.json contents: {
  "name": "crackai",
  "version": "1.0.0",
  "private": true,
  "main": "server.js",
  "build": {
    "appId": "com.crackai.desktop",
    "productName": "CrackAI",
    "directories": {
      "output": "dist"
    },
    "win": {
      "target": [
        "nsis"
      ]
    },
    "nsis": {
      "oneClick": false,
      "allowToChangeInstallationDirectory": true,
      "createDesktopShortcut": true
    },
    "files": [
      "desktop/**/*",
      "package.json"
    ]
  },
  "dependencies": {
    "@supabase/ssr": "^0.10.2",
    "@supabase/supabase-js": "^2.104.1",
    "firebase": "^12.12.1",
    "next": "^14.2.0",
    "pdf-parse": "^2.4.5",
    "pdf2json": "^4.0.3",
    "react": "^18.3.0",
    "react-dom": "^18.3.0",
    "firebase-frameworks": "^0.11.0",
    "firebase-functions": "^6.0.1",
    "firebase-admin": "^11.11.1"
  },
  "engines": {
    "node": "24"
  }
}
[debug] [2026-05-02T06:46:53.106Z] Building nodejs source
[info] i  functions: Loading and analyzing source code for codebase firebase-frameworks-crackit-c11df to determine what to deploy 
[debug] [2026-05-02T06:46:53.107Z] Could not find functions.yaml. Must use http discovery
[debug] [2026-05-02T06:46:53.115Z] Found firebase-functions binary at 'C:\Users\raju\SSV\crackit\.firebase\crackit-c11df\functions\node_modules\.bin\firebase-functions'
[info] Serving at port 8501

[debug] [2026-05-02T06:46:53.517Z] Got response from /__/functions.yaml {"endpoints":{"ssrcrackitc11df":{"availableMemoryMb":null,"timeoutSeconds":null,"minInstances":null,"maxInstances":null,"ingressSettings":null,"concurrency":null,"serviceAccountEmail":null,"vpc":null,"platform":"gcfv2","region":["us-central1"],"labels":{},"httpsTrigger":{},"entryPoint":"ssrcrackitc11df"}},"specVersion":"v1alpha1","requiredAPIs":[],"extensions":{}}
[info] i  extensions: ensuring required API firebaseextensions.googleapis.com is enabled... 
[debug] [2026-05-02T06:46:57.548Z] > command requires scopes: ["email","openid","https://www.googleapis.com/auth/cloudplatformprojects.readonly","https://www.googleapis.com/auth/firebase","https://www.googleapis.com/auth/cloud-platform"]
[debug] [2026-05-02T06:46:57.548Z] > authorizing via signed-in user (udayraj9966@gmail.com)
[debug] [2026-05-02T06:46:57.548Z] [iam] checking project crackit-c11df for permissions ["firebase.projects.get","firebaseextensions.instances.list"]
[debug] [2026-05-02T06:46:57.548Z] Checked if tokens are valid: true, expires at: 1777707577960
[debug] [2026-05-02T06:46:57.548Z] Checked if tokens are valid: true, expires at: 1777707577960
[debug] [2026-05-02T06:46:57.549Z] >>> [apiv2][query] POST https://cloudresourcemanager.googleapis.com/v1/projects/crackit-c11df:testIamPermissions [none]
[debug] [2026-05-02T06:46:57.549Z] >>> [apiv2][(partial)header] POST https://cloudresourcemanager.googleapis.com/v1/projects/crackit-c11df:testIamPermissions  x-goog-user-project=crackit-c11df
[debug] [2026-05-02T06:46:57.549Z] >>> [apiv2][body] POST https://cloudresourcemanager.googleapis.com/v1/projects/crackit-c11df:testIamPermissions {"permissions":["firebase.projects.get","firebaseextensions.instances.list"]}
[debug] [2026-05-02T06:46:58.855Z] <<< [apiv2][status] POST https://cloudresourcemanager.googleapis.com/v1/projects/crackit-c11df:testIamPermissions 200
[debug] [2026-05-02T06:46:58.855Z] <<< [apiv2][body] POST https://cloudresourcemanager.googleapis.com/v1/projects/crackit-c11df:testIamPermissions {"permissions":["firebase.projects.get","firebaseextensions.instances.list"]}
[debug] [2026-05-02T06:46:58.856Z] Checked if tokens are valid: true, expires at: 1777707577960
[debug] [2026-05-02T06:46:58.856Z] Checked if tokens are valid: true, expires at: 1777707577960
[debug] [2026-05-02T06:46:58.856Z] >>> [apiv2][query] GET https://firebaseextensions.googleapis.com/v1beta/projects/crackit-c11df/instances pageSize=100&pageToken=
[debug] [2026-05-02T06:47:00.361Z] <<< [apiv2][status] GET https://firebaseextensions.googleapis.com/v1beta/projects/crackit-c11df/instances 200
[debug] [2026-05-02T06:47:00.361Z] <<< [apiv2][body] GET https://firebaseextensions.googleapis.com/v1beta/projects/crackit-c11df/instances {}
[info] i  functions: Loaded environment variables from .env. 
[info] i  functions: preparing .firebase\crackit-c11df\functions directory for uploading... 
[info] i  functions: packaged C:\Users\raju\SSV\crackit\.firebase\crackit-c11df\functions (107.91 MB) for uploading 
[info] i  functions: ensuring required API run.googleapis.com is enabled... 
[info] i  functions: ensuring required API eventarc.googleapis.com is enabled... 
[info] i  functions: ensuring required API pubsub.googleapis.com is enabled... 
[info] i  functions: ensuring required API storage.googleapis.com is enabled... 
[info] i  functions: generating the service identity for pubsub.googleapis.com... 
[debug] [2026-05-02T06:47:03.329Z] Checked if tokens are valid: true, expires at: 1777707577960
[debug] [2026-05-02T06:47:03.329Z] Checked if tokens are valid: true, expires at: 1777707577960
[info] i  functions: generating the service identity for eventarc.googleapis.com... 
[debug] [2026-05-02T06:47:03.329Z] Checked if tokens are valid: true, expires at: 1777707577960
[debug] [2026-05-02T06:47:03.330Z] Checked if tokens are valid: true, expires at: 1777707577960
[debug] [2026-05-02T06:47:03.330Z] >>> [apiv2][query] POST https://serviceusage.googleapis.com/v1beta1/projects/246640801896/services/pubsub.googleapis.com:generateServiceIdentity [none]
[debug] [2026-05-02T06:47:03.330Z] >>> [apiv2][(partial)header] POST https://serviceusage.googleapis.com/v1beta1/projects/246640801896/services/pubsub.googleapis.com:generateServiceIdentity  x-goog-user-project=246640801896
[debug] [2026-05-02T06:47:03.330Z] >>> [apiv2][body] POST https://serviceusage.googleapis.com/v1beta1/projects/246640801896/services/pubsub.googleapis.com:generateServiceIdentity {}
[debug] [2026-05-02T06:47:03.331Z] >>> [apiv2][query] POST https://serviceusage.googleapis.com/v1beta1/projects/246640801896/services/eventarc.googleapis.com:generateServiceIdentity [none]
[debug] [2026-05-02T06:47:03.331Z] >>> [apiv2][(partial)header] POST https://serviceusage.googleapis.com/v1beta1/projects/246640801896/services/eventarc.googleapis.com:generateServiceIdentity  x-goog-user-project=246640801896
[debug] [2026-05-02T06:47:03.331Z] >>> [apiv2][body] POST https://serviceusage.googleapis.com/v1beta1/projects/246640801896/services/eventarc.googleapis.com:generateServiceIdentity {}
[debug] [2026-05-02T06:47:05.145Z] <<< [apiv2][status] POST https://serviceusage.googleapis.com/v1beta1/projects/246640801896/services/pubsub.googleapis.com:generateServiceIdentity 200
[debug] [2026-05-02T06:47:05.145Z] <<< [apiv2][body] POST https://serviceusage.googleapis.com/v1beta1/projects/246640801896/services/pubsub.googleapis.com:generateServiceIdentity {"name":"operations/finished.DONE_OPERATION","done":true,"response":{"@type":"type.googleapis.com/google.api.serviceusage.v1beta1.ServiceIdentity","email":"service-246640801896@gcp-sa-pubsub.iam.gserviceaccount.com","uniqueId":"113693013976769442618"}}
[debug] [2026-05-02T06:47:05.150Z] <<< [apiv2][status] POST https://serviceusage.googleapis.com/v1beta1/projects/246640801896/services/eventarc.googleapis.com:generateServiceIdentity 200
[debug] [2026-05-02T06:47:05.150Z] <<< [apiv2][body] POST https://serviceusage.googleapis.com/v1beta1/projects/246640801896/services/eventarc.googleapis.com:generateServiceIdentity {"name":"operations/finished.DONE_OPERATION","done":true,"response":{"@type":"type.googleapis.com/google.api.serviceusage.v1beta1.ServiceIdentity","email":"service-246640801896@gcp-sa-eventarc.iam.gserviceaccount.com","uniqueId":"104643293753439859836"}}
[debug] [2026-05-02T06:47:05.151Z] Checked if tokens are valid: true, expires at: 1777707577960
[debug] [2026-05-02T06:47:05.151Z] Checked if tokens are valid: true, expires at: 1777707577960
[debug] [2026-05-02T06:47:05.151Z] >>> [apiv2][query] GET https://cloudresourcemanager.googleapis.com/v1/projects/crackit-c11df [none]
[debug] [2026-05-02T06:47:06.475Z] <<< [apiv2][status] GET https://cloudresourcemanager.googleapis.com/v1/projects/crackit-c11df 200
[debug] [2026-05-02T06:47:06.475Z] <<< [apiv2][body] GET https://cloudresourcemanager.googleapis.com/v1/projects/crackit-c11df {"projectNumber":"246640801896","projectId":"crackit-c11df","lifecycleState":"ACTIVE","name":"Crackit","labels":{"firebase":"enabled","firebase-core":"disabled"},"createTime":"2026-05-01T05:15:59.903Z"}
[debug] [2026-05-02T06:47:06.475Z] Checked if tokens are valid: true, expires at: 1777707577960
[debug] [2026-05-02T06:47:06.475Z] Checked if tokens are valid: true, expires at: 1777707577960
[debug] [2026-05-02T06:47:06.475Z] >>> [apiv2][query] GET https://compute.googleapis.com/compute/v1/projects/246640801896 [none]
[debug] [2026-05-02T06:47:07.322Z] <<< [apiv2][status] GET https://compute.googleapis.com/compute/v1/projects/246640801896 403
[debug] [2026-05-02T06:47:07.322Z] <<< [apiv2][body] GET https://compute.googleapis.com/compute/v1/projects/246640801896 {"error":{"code":403,"message":"Compute Engine API has not been used in project 246640801896 before or it is disabled. Enable it by visiting https://console.developers.google.com/apis/api/compute.googleapis.com/overview?project=246640801896 then retry. If you enabled this API recently, wait a few minutes for the action to propagate to our systems and retry.","errors":[{"message":"Compute Engine API has not been used in project 246640801896 before or it is disabled. Enable it by visiting https://console.developers.google.com/apis/api/compute.googleapis.com/overview?project=246640801896 then retry. If you enabled this API recently, wait a few minutes for the action to propagate to our systems and retry.","domain":"usageLimits","reason":"accessNotConfigured","extendedHelp":"https://console.developers.google.com"}],"status":"PERMISSION_DENIED","details":[{"@type":"type.googleapis.com/google.rpc.ErrorInfo","reason":"SERVICE_DISABLED","domain":"googleapis.com","metadata":{"activationUrl":"https://console.developers.google.com/apis/api/compute.googleapis.com/overview?project=246640801896","containerInfo":"246640801896","consumer":"projects/246640801896","serviceTitle":"Compute Engine API","service":"compute.googleapis.com"}},{"@type":"type.googleapis.com/google.rpc.LocalizedMessage","locale":"en-US","message":"Compute Engine API has not been used in project 246640801896 before or it is disabled. Enable it by visiting https://console.developers.google.com/apis/api/compute.googleapis.com/overview?project=246640801896 then retry. If you enabled this API recently, wait a few minutes for the action to propagate to our systems and retry."},{"@type":"type.googleapis.com/google.rpc.Help","links":[{"description":"Google developers console API activation","url":"https://console.developers.google.com/apis/api/compute.googleapis.com/overview?project=246640801896"}]}]}}
[debug] [2026-05-02T06:47:07.323Z] unable to look up default compute service account. Falling back to 246640801896-compute@developer.gserviceaccount.com. Error: {"name":"FirebaseError","children":[],"context":{"body":{"error":{"code":403,"message":"Compute Engine API has not been used in project 246640801896 before or it is disabled. Enable it by visiting https://console.developers.google.com/apis/api/compute.googleapis.com/overview?project=246640801896 then retry. If you enabled this API recently, wait a few minutes for the action to propagate to our systems and retry.","errors":[{"message":"Compute Engine API has not been used in project 246640801896 before or it is disabled. Enable it by visiting https://console.developers.google.com/apis/api/compute.googleapis.com/overview?project=246640801896 then retry. If you enabled this API recently, wait a few minutes for the action to propagate to our systems and retry.","domain":"usageLimits","reason":"accessNotConfigured","extendedHelp":"https://console.developers.google.com"}],"status":"PERMISSION_DENIED","details":[{"@type":"type.googleapis.com/google.rpc.ErrorInfo","reason":"SERVICE_DISABLED","domain":"googleapis.com","metadata":{"activationUrl":"https://console.developers.google.com/apis/api/compute.googleapis.com/overview?project=246640801896","containerInfo":"246640801896","consumer":"projects/246640801896","serviceTitle":"Compute Engine API","service":"compute.googleapis.com"}},{"@type":"type.googleapis.com/google.rpc.LocalizedMessage","locale":"en-US","message":"Compute Engine API has not been used in project 246640801896 before or it is disabled. Enable it by visiting https://console.developers.google.com/apis/api/compute.googleapis.com/overview?project=246640801896 then retry. If you enabled this API recently, wait a few minutes for the action to propagate to our systems and retry."},{"@type":"type.googleapis.com/google.rpc.Help","links":[{"description":"Google developers console API activation","url":"https://console.developers.google.com/apis/api/compute.googleapis.com/overview?project=246640801896"}]}]}},"response":{"statusCode":403}},"exit":1,"message":"Request to https://compute.googleapis.com/compute/v1/projects/246640801896 had HTTP Error: 403, Compute Engine API has not been used in project 246640801896 before or it is disabled. Enable it by visiting https://console.developers.google.com/apis/api/compute.googleapis.com/overview?project=246640801896 then retry. If you enabled this API recently, wait a few minutes for the action to propagate to our systems and retry.","status":403}
[debug] [2026-05-02T06:47:07.323Z] Checked if tokens are valid: true, expires at: 1777707577960
[debug] [2026-05-02T06:47:07.323Z] Checked if tokens are valid: true, expires at: 1777707577960
[debug] [2026-05-02T06:47:07.323Z] >>> [apiv2][query] GET https://firebasehosting.googleapis.com/v1beta1/projects/crackit-c11df/sites/crackit-c11df [none]
[debug] [2026-05-02T06:47:08.340Z] <<< [apiv2][status] GET https://firebasehosting.googleapis.com/v1beta1/projects/crackit-c11df/sites/crackit-c11df 200
[debug] [2026-05-02T06:47:08.340Z] <<< [apiv2][body] GET https://firebasehosting.googleapis.com/v1beta1/projects/crackit-c11df/sites/crackit-c11df {"name":"projects/crackit-c11df/sites/crackit-c11df","defaultUrl":"https://crackit-c11df.web.app","type":"DEFAULT_SITE"}
[debug] [2026-05-02T06:47:08.342Z] Checked if tokens are valid: true, expires at: 1777707577960
[debug] [2026-05-02T06:47:08.342Z] Checked if tokens are valid: true, expires at: 1777707577960
[debug] [2026-05-02T06:47:08.342Z] >>> [apiv2][query] POST https://firebasehosting.googleapis.com/v1beta1/projects/-/sites/crackit-c11df/versions [none]
[debug] [2026-05-02T06:47:08.342Z] >>> [apiv2][body] POST https://firebasehosting.googleapis.com/v1beta1/projects/-/sites/crackit-c11df/versions {"status":"CREATED","labels":{"deployment-tool":"cli-firebase","firebase-web-framework":"next_ssr"}}
[debug] [2026-05-02T06:47:09.202Z] <<< [apiv2][status] POST https://firebasehosting.googleapis.com/v1beta1/projects/-/sites/crackit-c11df/versions 200
[debug] [2026-05-02T06:47:09.202Z] <<< [apiv2][body] POST https://firebasehosting.googleapis.com/v1beta1/projects/-/sites/crackit-c11df/versions {"name":"projects/246640801896/sites/crackit-c11df/versions/43c6cb90587dfc5a","status":"CREATED","config":{},"labels":{"firebase-web-framework":"next_ssr","deployment-tool":"cli-firebase"}}
[debug] [2026-05-02T06:47:09.202Z] Checked if tokens are valid: true, expires at: 1777707577960
[debug] [2026-05-02T06:47:09.202Z] Checked if tokens are valid: true, expires at: 1777707577960
[debug] [2026-05-02T06:47:09.202Z] >>> [apiv2][query] GET https://cloudbilling.googleapis.com/v1/projects/crackit-c11df/billingInfo [none]
[debug] [2026-05-02T06:47:09.630Z] <<< [apiv2][status] GET https://cloudbilling.googleapis.com/v1/projects/crackit-c11df/billingInfo 200
[debug] [2026-05-02T06:47:09.631Z] <<< [apiv2][body] GET https://cloudbilling.googleapis.com/v1/projects/crackit-c11df/billingInfo {"name":"projects/crackit-c11df/billingInfo","projectId":"crackit-c11df","billingAccountName":"billingAccounts/01C22C-68989D-DDB498","billingEnabled":true}
[debug] [2026-05-02T06:47:09.632Z] Checked if tokens are valid: true, expires at: 1777707577960
[debug] [2026-05-02T06:47:09.632Z] Checked if tokens are valid: true, expires at: 1777707577960
[debug] [2026-05-02T06:47:09.632Z] >>> [apiv2][query] POST https://cloudfunctions.googleapis.com/v2/projects/crackit-c11df/locations/us-central1/functions:generateUploadUrl [none]
[debug] [2026-05-02T06:47:11.199Z] <<< [apiv2][status] POST https://cloudfunctions.googleapis.com/v2/projects/crackit-c11df/locations/us-central1/functions:generateUploadUrl 200
[debug] [2026-05-02T06:47:11.199Z] <<< [apiv2][body] POST https://cloudfunctions.googleapis.com/v2/projects/crackit-c11df/locations/us-central1/functions:generateUploadUrl {"uploadUrl":"https://storage.googleapis.com/gcf-v2-uploads-246640801896.us-central1.cloudfunctions.appspot.com/73481d53-7684-49fa-85c3-4a1203e47d3a.zip?GoogleAccessId=service-246640801896@gcf-admin-robot.iam.gserviceaccount.com&Expires=1777706232&Signature=r9TCx36vhPXs4Wgr3l%2BL9uKQV9UYVww58eWpnLVr1DtFL7d7aQzQVmm3Qp4%2FpcowLl2IeDyvE5VEF2IPMEAjzXs%2FF4om%2BS8v9J8%2F2KhOk0Az0CXZykDK6w0ieoTviAhkqPFcZIQfr%2FQrXELV15yjNI73z8DxnTl2U7MgLTUuqXYWSnbHyaz3VIjhiTLNbvHeR9T15sOJ1p25ZazsdcLv5e0sIfRyxj1N7tn8%2Fnpb2%2FEQ7pC3wSLiyEMyfG3AMTj1weGTLVGy7KhJ2Lnqyjrh9K07XKzlm4WOLvDljElBw9XDy8Qfsynj1ZM0OPQPJdnQPF1BsJ9eapdRD15U6T3zdg%3D%3D","storageSource":{"bucket":"gcf-v2-uploads-246640801896.us-central1.cloudfunctions.appspot.com","object":"73481d53-7684-49fa-85c3-4a1203e47d3a.zip"}}
[debug] [2026-05-02T06:47:11.201Z] >>> [apiv2][query] PUT https://storage.googleapis.com/gcf-v2-uploads-246640801896.us-central1.cloudfunctions.appspot.com/73481d53-7684-49fa-85c3-4a1203e47d3a.zip GoogleAccessId=service-246640801896%40gcf-admin-robot.iam.gserviceaccount.com&Expires=1777706232&Signature=r9TCx36vhPXs4Wgr3l%2BL9uKQV9UYVww58eWpnLVr1DtFL7d7aQzQVmm3Qp4%2FpcowLl2IeDyvE5VEF2IPMEAjzXs%2FF4om%2BS8v9J8%2F2KhOk0Az0CXZykDK6w0ieoTviAhkqPFcZIQfr%2FQrXELV15yjNI73z8DxnTl2U7MgLTUuqXYWSnbHyaz3VIjhiTLNbvHeR9T15sOJ1p25ZazsdcLv5e0sIfRyxj1N7tn8%2Fnpb2%2FEQ7pC3wSLiyEMyfG3AMTj1weGTLVGy7KhJ2Lnqyjrh9K07XKzlm4WOLvDljElBw9XDy8Qfsynj1ZM0OPQPJdnQPF1BsJ9eapdRD15U6T3zdg%3D%3D
[debug] [2026-05-02T06:47:11.201Z] >>> [apiv2][body] PUT https://storage.googleapis.com/gcf-v2-uploads-246640801896.us-central1.cloudfunctions.appspot.com/73481d53-7684-49fa-85c3-4a1203e47d3a.zip [stream]
[debug] [2026-05-02T06:47:29.275Z] <<< [apiv2][status] PUT https://storage.googleapis.com/gcf-v2-uploads-246640801896.us-central1.cloudfunctions.appspot.com/73481d53-7684-49fa-85c3-4a1203e47d3a.zip 200
[debug] [2026-05-02T06:47:29.276Z] <<< [apiv2][body] PUT https://storage.googleapis.com/gcf-v2-uploads-246640801896.us-central1.cloudfunctions.appspot.com/73481d53-7684-49fa-85c3-4a1203e47d3a.zip [omitted]
[info] +  functions: .firebase\crackit-c11df\functions source uploaded successfully 
[info] i  hosting[crackit-c11df]: beginning deploy... 
[info] i  hosting[crackit-c11df]: found 40 files in .firebase\crackit-c11df\hosting 
[debug] [2026-05-02T06:47:29.286Z] [hosting] uploading with 200 concurrency
[debug] [2026-05-02T06:47:29.305Z] Checked if tokens are valid: true, expires at: 1777707577960
[debug] [2026-05-02T06:47:29.305Z] Checked if tokens are valid: true, expires at: 1777707577960
[debug] [2026-05-02T06:47:29.306Z] [hosting] hash cache [LmZpcmViYXNlXGNyYWNraXQtYzExZGZcaG9zdGluZw] stored for 40 files
[debug] [2026-05-02T06:47:29.306Z] [hosting][hash queue][FINAL] {"max":16,"min":9,"avg":10.975,"active":0,"complete":40,"success":40,"errored":0,"retried":0,"total":40,"elapsed":19}
[debug] [2026-05-02T06:47:29.306Z] >>> [apiv2][query] POST https://firebasehosting.googleapis.com/v1beta1/projects/246640801896/sites/crackit-c11df/versions/43c6cb90587dfc5a:populateFiles [none]
[debug] [2026-05-02T06:47:29.306Z] >>> [apiv2][body] POST https://firebasehosting.googleapis.com/v1beta1/projects/246640801896/sites/crackit-c11df/versions/43c6cb90587dfc5a:populateFiles {"files":{"/_next/static/webpack/webpack.45a54452f4c97eb9.hot-update.js":"fa0a139640258928d421268edfb181ceb240aeab5b60eead53e682832fd8861e","/_next/static/webpack/45a54452f4c97eb9.webpack.hot-update.json":"290badb09acee157648a5ecc4da886c699519507b58b2f8f5226d6a7a51a88aa","/_next/static/TCs8Wx_zjWVd3v2XylDCX/_buildManifest.js":"b7b50b96854bcbc40ab6e8bf51e9f11625752bd8ac7aed0bd0353f441f2b3134","/_next/static/webpack/app/layout.45a54452f4c97eb9.hot-update.js":"4b7b6d81419f069aca111b76fd21169ff626ad058b6cb84dda7823ed2059bf30","/_next/static/development/_ssgManifest.js":"89d3d8d2aeba4bad62062a0262dfcde3942d6d97c4eeed5f60aefa7ac91b750a","/_next/static/TCs8Wx_zjWVd3v2XylDCX/_ssgManifest.js":"dc28a4dc92fe352ed5d2201bd3972ce47691bc8e89e0400a68d1541d0567c6d5","/_next/static/development/_buildManifest.js":"798686cb1cb54d5fa8b498c565f9bbb4fed2fe4a3ae710fc5138a6b2c92c559d","/_next/static/chunks/main-app-b65fb4cd86ff0d43.js":"f17d062bcac284bb9ce0f480650e2e14676a99b2db07f30852db7a7516781c48","/_next/static/chunks/webpack-03f7c6bc932ce1e3.js":"bfe23019af0e36313a2709c49ab3de218be16f3861c3f1d15d7ad727e3a49fe2","/_next/static/css/a659ae59c456d73a.css":"5861cd5ad3b10758ab7b0ee444fc22a6a9d8a255004f12248a03911dc36ac586","/_next/static/chunks/813-5040dc426bbe057a.js":"0572337597739d36b0151bd728fe2dde97afa72be276b2659a5293da3661f2c2","/_next/static/chunks/webpack.js":"7dc7bcdff75c06fd308b30f9663834f0d82b5d43922461027581c97d7780521e","/_next/static/chunks/49-d3a258705b193b44.js":"c8caa0d9f431ed497ba8b7c8e3048d2b58c1638224598f866d85db1319fa9d00","/_next/static/chunks/648-94a10d2e8f72fdd7.js":"0a1b01dd91db087fd33a19826f12b2743d381c471c64e4aff61f63efa84568f1","/_next/static/chunks/pages/_app-72b849fbd24ac258.js":"70f6b2605c3ef9a5904ae691f9e588694f57a58e736945e9aecb6e6367333b6f","/_next/static/chunks/393-b62e92baaaa8b7fc.js":"2db60fc8b8852c4821f9b9aa6c86829c22ec60499337f4453697a5b358f54084","/_next/static/chunks/152-bf3751471c3feb34.js":"d96c608465ad9e45bac358a1a2da68c2cfe100c4539a5d03915197eaf3699c13","/_next/static/chunks/pages/_error-7ba65e1336b92748.js":"09b35fbc854afaf76c1b75a5b3272bf936d957493d106176ade3af1047ea394e","/_next/static/chunks/app/page-b8d498942c331275.js":"29b7d7bad8888137c17b9970a76330ccb9a34ee13d6abd6052e1845bf2b2c0f9","/_next/static/chunks/app/layout-f05be582b5587c21.js":"1230a70a9f8541b668ca18e3e04b5a17a24f23871ef7f91d93209a68ec1e6764","/_next/static/chunks/app/_not-found/page-ed944515befc3c38.js":"352fa281f9b211b95548da735d6062efd1761d2d3a4be18e58a64174d0c283fe","/_next/static/chunks/app/stealth/page-3964b8e6f9d335e0.js":"d082b00f4527392208567267be2a9446fe256b7756f0ddcc5f8957f01bf01a14","/_next/static/chunks/app/stealth/layout-de350f58add47505.js":"b0a771619cd1fc7dd5ee6580e89d76dd9cccd68b171337e13e54673eb0d9fb81","/_next/static/chunks/app/resume/page-bd9d1e1e40b90f9d.js":"4d08486bc5bb9ced4c90ea7c40f640e4aa608652657693722aca02127bbaeb44","/_next/static/chunks/app/settings/page-6522291050fbec31.js":"edba0f6a545d696e418f5b4d6c8db27db25afd4ddcb9d41926b86d6ad47b2d22","/_next/static/chunks/app/mock/page-387a13c7ab82ae8b.js":"f0e4cb77cd391d7b607d02ecac19e9883cd9bb91ab5ed249470a8cbf9d58f4e4","/_next/static/chunks/app/onboarding/page-a0bb41c4d11fcfd0.js":"905a4a8fd55be6ee9ebf73fe2da8d2c2d8217fe0ca8f31f618dff7b65337a555","/_next/static/chunks/app/login/page-91eb8d3c296cfaf2.js":"5a319e0e15f6c6dc52b9ad377707d0fe63ba42369b35b437634294a75795494e","/_next/static/chunks/app/interview/page-034fd98cbeabede1.js":"0b3891d20029e7b8f27a03f7ff2c8365cfdad8d5524daba219806b95be805791","/_next/static/chunks/app/coding/page-42f1ce2025d402ea.js":"6f25271156133e31de1f63213fe0357a400be93bbcd704847a955bfcb028f606","/_next/static/chunks/app/dashboard/page-1f174491b3848106.js":"ba064bb340472175e751f750cdfd2c5d74be34816b2f3a5edaf9680ce47db6d4","/_next/static/chunks/4ea34a6d-9f968a17e199b496.js":"4ba0adb3c275fe174e17189acb1523bde69681509a54c890dcf432c732f5776f","/_next/static/chunks/main-4e6e612bc0fdd142.js":"44fc9d310e9063322fc48322297ad6cece0159cd6712b274660d45c4de17f2e8","/_next/static/chunks/polyfills-42372ed130431b0a.js":"18e28d3214eda45048d80d3925ea7627b809e69ad2e95f7f98459e9146a61c3d","/_next/static/chunks/117-db03c3021d529b02.js":"ac869f007879f856d54f68d1ef5a3813f72bac679e4e8e6354ec5d8a44a30c71","/_next/static/chunks/framework-f66176bb897dc684.js":"e3602f0208d127fb2a8eaf2c69fe8354025257feee8137cd0d6ff8307d228dca","/_next/static/chunks/app/layout.js":"9e122534eabea2194fe90a010dcdc8f3ddda4e176b075402fba20a8545af64d4","/_next/static/chunks/fd9d1056-87da80e0c187477b.js":"080cf476a9e293eef13f2f7c86fd42cd8b401b9e2a2aaa7baf5af2d925db31cb","/_next/static/chunks/444-d3a2bed4fa0a684e.js":"f58a6b07553cf440346ece555618644e6ea78402d9617323caa2bc6d6efbc93e","/_next/static/chunks/ef7830f0-788f12148381ce09.js":"9e19a82615b040f77a4ef43d5f880602e635ae731de8fbe780f5eeb10fc401ae"}}
[debug] [2026-05-02T06:47:30.519Z] <<< [apiv2][status] POST https://firebasehosting.googleapis.com/v1beta1/projects/246640801896/sites/crackit-c11df/versions/43c6cb90587dfc5a:populateFiles 200
[debug] [2026-05-02T06:47:30.519Z] <<< [apiv2][body] POST https://firebasehosting.googleapis.com/v1beta1/projects/246640801896/sites/crackit-c11df/versions/43c6cb90587dfc5a:populateFiles {"uploadRequiredHashes":["4b7b6d81419f069aca111b76fd21169ff626ad058b6cb84dda7823ed2059bf30","7dc7bcdff75c06fd308b30f9663834f0d82b5d43922461027581c97d7780521e","fa0a139640258928d421268edfb181ceb240aeab5b60eead53e682832fd8861e","9e122534eabea2194fe90a010dcdc8f3ddda4e176b075402fba20a8545af64d4"],"uploadUrl":"https://upload-firebasehosting.googleapis.com/upload/sites/crackit-c11df/versions/43c6cb90587dfc5a/files"}
[debug] [2026-05-02T06:47:30.519Z] Checked if tokens are valid: true, expires at: 1777707577960
[debug] [2026-05-02T06:47:30.519Z] Checked if tokens are valid: true, expires at: 1777707577960
[debug] [2026-05-02T06:47:30.519Z] Checked if tokens are valid: true, expires at: 1777707577960
[debug] [2026-05-02T06:47:30.520Z] Checked if tokens are valid: true, expires at: 1777707577960
[debug] [2026-05-02T06:47:30.520Z] Checked if tokens are valid: true, expires at: 1777707577960
[debug] [2026-05-02T06:47:30.520Z] Checked if tokens are valid: true, expires at: 1777707577960
[debug] [2026-05-02T06:47:30.520Z] Checked if tokens are valid: true, expires at: 1777707577960
[debug] [2026-05-02T06:47:30.520Z] Checked if tokens are valid: true, expires at: 1777707577960
[debug] [2026-05-02T06:47:30.520Z] >>> [apiv2][query] POST https://upload-firebasehosting.googleapis.com/upload/sites/crackit-c11df/versions/43c6cb90587dfc5a/files/4b7b6d81419f069aca111b76fd21169ff626ad058b6cb84dda7823ed2059bf30 [none]
[debug] [2026-05-02T06:47:30.520Z] >>> [apiv2][body] POST https://upload-firebasehosting.googleapis.com/upload/sites/crackit-c11df/versions/43c6cb90587dfc5a/files/4b7b6d81419f069aca111b76fd21169ff626ad058b6cb84dda7823ed2059bf30 [stream]
[debug] [2026-05-02T06:47:30.521Z] >>> [apiv2][query] POST https://upload-firebasehosting.googleapis.com/upload/sites/crackit-c11df/versions/43c6cb90587dfc5a/files/7dc7bcdff75c06fd308b30f9663834f0d82b5d43922461027581c97d7780521e [none]
[debug] [2026-05-02T06:47:30.521Z] >>> [apiv2][body] POST https://upload-firebasehosting.googleapis.com/upload/sites/crackit-c11df/versions/43c6cb90587dfc5a/files/7dc7bcdff75c06fd308b30f9663834f0d82b5d43922461027581c97d7780521e [stream]
[debug] [2026-05-02T06:47:30.521Z] >>> [apiv2][query] POST https://upload-firebasehosting.googleapis.com/upload/sites/crackit-c11df/versions/43c6cb90587dfc5a/files/fa0a139640258928d421268edfb181ceb240aeab5b60eead53e682832fd8861e [none]
[debug] [2026-05-02T06:47:30.521Z] >>> [apiv2][body] POST https://upload-firebasehosting.googleapis.com/upload/sites/crackit-c11df/versions/43c6cb90587dfc5a/files/fa0a139640258928d421268edfb181ceb240aeab5b60eead53e682832fd8861e [stream]
[debug] [2026-05-02T06:47:30.522Z] >>> [apiv2][query] POST https://upload-firebasehosting.googleapis.com/upload/sites/crackit-c11df/versions/43c6cb90587dfc5a/files/9e122534eabea2194fe90a010dcdc8f3ddda4e176b075402fba20a8545af64d4 [none]
[debug] [2026-05-02T06:47:30.522Z] >>> [apiv2][body] POST https://upload-firebasehosting.googleapis.com/upload/sites/crackit-c11df/versions/43c6cb90587dfc5a/files/9e122534eabea2194fe90a010dcdc8f3ddda4e176b075402fba20a8545af64d4 [stream]
[debug] [2026-05-02T06:47:30.522Z] [hosting][populate queue][FINAL] {"max":1215,"min":1215,"avg":1215,"active":0,"complete":1,"success":1,"errored":0,"retried":0,"total":1,"elapsed":1217}
[debug] [2026-05-02T06:47:30.522Z] [hosting] uploads queued: 4
[info] i  hosting: uploading new files [0/4] (0%) 
[debug] [2026-05-02T06:47:32.057Z] <<< [apiv2][status] POST https://upload-firebasehosting.googleapis.com/upload/sites/crackit-c11df/versions/43c6cb90587dfc5a/files/7dc7bcdff75c06fd308b30f9663834f0d82b5d43922461027581c97d7780521e 200
[debug] [2026-05-02T06:47:32.057Z] <<< [apiv2][body] POST https://upload-firebasehosting.googleapis.com/upload/sites/crackit-c11df/versions/43c6cb90587dfc5a/files/7dc7bcdff75c06fd308b30f9663834f0d82b5d43922461027581c97d7780521e [stream]
[debug] [2026-05-02T06:47:32.144Z] <<< [apiv2][status] POST https://upload-firebasehosting.googleapis.com/upload/sites/crackit-c11df/versions/43c6cb90587dfc5a/files/fa0a139640258928d421268edfb181ceb240aeab5b60eead53e682832fd8861e 200
[debug] [2026-05-02T06:47:32.144Z] <<< [apiv2][body] POST https://upload-firebasehosting.googleapis.com/upload/sites/crackit-c11df/versions/43c6cb90587dfc5a/files/fa0a139640258928d421268edfb181ceb240aeab5b60eead53e682832fd8861e [stream]
[debug] [2026-05-02T06:47:32.180Z] <<< [apiv2][status] POST https://upload-firebasehosting.googleapis.com/upload/sites/crackit-c11df/versions/43c6cb90587dfc5a/files/9e122534eabea2194fe90a010dcdc8f3ddda4e176b075402fba20a8545af64d4 200
[debug] [2026-05-02T06:47:32.180Z] <<< [apiv2][body] POST https://upload-firebasehosting.googleapis.com/upload/sites/crackit-c11df/versions/43c6cb90587dfc5a/files/9e122534eabea2194fe90a010dcdc8f3ddda4e176b075402fba20a8545af64d4 [stream]
[debug] [2026-05-02T06:47:32.349Z] <<< [apiv2][status] POST https://upload-firebasehosting.googleapis.com/upload/sites/crackit-c11df/versions/43c6cb90587dfc5a/files/4b7b6d81419f069aca111b76fd21169ff626ad058b6cb84dda7823ed2059bf30 200
[debug] [2026-05-02T06:47:32.349Z] <<< [apiv2][body] POST https://upload-firebasehosting.googleapis.com/upload/sites/crackit-c11df/versions/43c6cb90587dfc5a/files/4b7b6d81419f069aca111b76fd21169ff626ad058b6cb84dda7823ed2059bf30 [stream]
[debug] [2026-05-02T06:47:32.349Z] [hosting][upload queue][FINAL] {"max":1830,"min":1538,"avg":1663.25,"active":0,"complete":4,"success":4,"errored":0,"retried":0,"total":4,"elapsed":1830}
[info] i  hosting: upload complete 
[info] +  hosting[crackit-c11df]: file upload complete 
[debug] [2026-05-02T06:47:32.349Z] [hosting] deploy completed after 3072ms
[info] i  functions: updating Node.js 24 (2nd Gen) function firebase-frameworks-crackit-c11df:ssrcrackitc11df(us-central1)... 
[debug] [2026-05-02T06:47:32.352Z] Checked if tokens are valid: true, expires at: 1777707577960
[debug] [2026-05-02T06:47:32.352Z] Checked if tokens are valid: true, expires at: 1777707577960
[debug] [2026-05-02T06:47:32.352Z] >>> [apiv2][query] PATCH https://cloudfunctions.googleapis.com/v2/projects/crackit-c11df/locations/us-central1/functions/ssrcrackitc11df updateMask=name%2CbuildConfig.runtime%2CbuildConfig.entryPoint%2CbuildConfig.source.storageSource.bucket%2CbuildConfig.source.storageSource.object%2CbuildConfig.environmentVariables%2CbuildConfig.sourceToken%2CserviceConfig.environmentVariables%2CserviceConfig.ingressSettings%2CserviceConfig.timeoutSeconds%2CserviceConfig.serviceAccountEmail%2CserviceConfig.availableMemory%2CserviceConfig.minInstanceCount%2CserviceConfig.maxInstanceCount%2CserviceConfig.maxInstanceRequestConcurrency%2CserviceConfig.availableCpu%2CserviceConfig.vpcConnector%2CserviceConfig.vpcConnectorEgressSettings%2CserviceConfig.directVpcNetworkInterface%2CserviceConfig.directVpcEgress%2Clabels
[debug] [2026-05-02T06:47:32.352Z] >>> [apiv2][body] PATCH https://cloudfunctions.googleapis.com/v2/projects/crackit-c11df/locations/us-central1/functions/ssrcrackitc11df {"name":"projects/crackit-c11df/locations/us-central1/functions/ssrcrackitc11df","buildConfig":{"runtime":"nodejs24","entryPoint":"ssrcrackitc11df","source":{"storageSource":{"bucket":"gcf-v2-uploads-246640801896.us-central1.cloudfunctions.appspot.com","object":"73481d53-7684-49fa-85c3-4a1203e47d3a.zip"}},"environmentVariables":{"GOOGLE_NODE_RUN_SCRIPTS":""}},"serviceConfig":{"environmentVariables":{"NEXT_PUBLIC_SUPABASE_URL":"https://wgibbatdqxfwznbasvmz.supabase.co","NEXT_PUBLIC_SUPABASE_ANON_KEY":"sb_publishable_NAkhenHEZ79O8O6uO9F37Q_6RdnFcYm","NEXT_PUBLIC_FIREBASE_API_KEY":"AIzaSyASYY_zaVTxhdLWj28vTZ4Y5e7thbDIbGo","NEXT_PUBLIC_FIREBASE_AUTH_DOMAIN":"crackit-c11df.firebaseapp.com","NEXT_PUBLIC_FIREBASE_PROJECT_ID":"crackit-c11df","NEXT_PUBLIC_FIREBASE_STORAGE_BUCKET":"crackit-c11df.firebasestorage.app","NEXT_PUBLIC_FIREBASE_MESSAGING_SENDER_ID":"246640801896","NEXT_PUBLIC_FIREBASE_APP_ID":"1:246640801896:web:75c506a2ebb4aa2fde63dd","NEXT_PUBLIC_FIREBASE_MEASUREMENT_ID":"G-SFY7S48D68","OPENROUTER_API_KEY":"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","VERCEL_URL":"crackit-c11df.web.app","__FIREBASE_FRAMEWORKS_ENTRY__":"next.js","__FIREBASE_DEFAULTS__":"{\"config\":{\"projectId\":\"crackit-c11df\",\"appId\":\"1:246640801896:web:75c506a2ebb4aa2fde63dd\",\"storageBucket\":\"crackit-c11df.firebasestorage.app\",\"apiKey\":\"AIzaSyASYY_zaVTxhdLWj28vTZ4Y5e7thbDIbGo\",\"authDomain\":\"crackit-c11df.firebaseapp.com\",\"messagingSenderId\":\"246640801896\",\"measurementId\":\"G-SFY7S48D68\",\"projectNumber\":\"246640801896\",\"version\":\"2\"},\"_authTokenSyncURL\":\"/__session\"}","FIREBASE_CONFIG":"{\"projectId\":\"crackit-c11df\",\"storageBucket\":\"crackit-c11df.firebasestorage.app\"}","GCLOUD_PROJECT":"crackit-c11df","EVENTARC_CLOUD_EVENT_SOURCE":"projects/crackit-c11df/locations/us-central1/services/ssrcrackitc11df","FUNCTION_TARGET":"ssrcrackitc11df","LOG_EXECUTION_ID":"true"},"ingressSettings":null,"timeoutSeconds":null,"serviceAccountEmail":null,"availableMemory":"256Mi","minInstanceCount":null,"maxInstanceCount":null,"maxInstanceRequestConcurrency":80,"availableCpu":"1","vpcConnector":null,"vpcConnectorEgressSettings":null,"directVpcNetworkInterface":null,"directVpcEgress":null},"labels":{"deployment-tool":"cli-firebase","firebase-functions-codebase":"firebase-frameworks-crackit-c11df","firebase-functions-hash":"547118e1b714a735b1dafcb0edff80fe88e3b67a"}}
[debug] [2026-05-02T06:47:33.541Z] <<< [apiv2][status] PATCH https://cloudfunctions.googleapis.com/v2/projects/crackit-c11df/locations/us-central1/functions/ssrcrackitc11df 200
[debug] [2026-05-02T06:47:33.541Z] <<< [apiv2][body] PATCH https://cloudfunctions.googleapis.com/v2/projects/crackit-c11df/locations/us-central1/functions/ssrcrackitc11df {"name":"projects/crackit-c11df/locations/us-central1/operations/operation-1777704454150-650d0128159fa-de5f5c4e-a4e489c7","metadata":{"@type":"type.googleapis.com/google.cloud.functions.v2.OperationMetadata","createTime":"2026-05-02T06:47:34.938021268Z","target":"projects/crackit-c11df/locations/us-central1/functions/ssrcrackitc11df","verb":"update","cancelRequested":false,"apiVersion":"v2"},"done":false}
[debug] [2026-05-02T06:47:33.541Z] Checked if tokens are valid: true, expires at: 1777707577960
[debug] [2026-05-02T06:47:33.541Z] Checked if tokens are valid: true, expires at: 1777707577960
[debug] [2026-05-02T06:47:33.541Z] >>> [apiv2][query] GET https://cloudfunctions.googleapis.com/v2/projects/crackit-c11df/locations/us-central1/operations/operation-1777704454150-650d0128159fa-de5f5c4e-a4e489c7 [none]
[debug] [2026-05-02T06:47:34.913Z] <<< [apiv2][status] GET https://cloudfunctions.googleapis.com/v2/projects/crackit-c11df/locations/us-central1/operations/operation-1777704454150-650d0128159fa-de5f5c4e-a4e489c7 200
[debug] [2026-05-02T06:47:34.913Z] <<< [apiv2][body] GET https://cloudfunctions.googleapis.com/v2/projects/crackit-c11df/locations/us-central1/operations/operation-1777704454150-650d0128159fa-de5f5c4e-a4e489c7 {"name":"projects/crackit-c11df/locations/us-central1/operations/operation-1777704454150-650d0128159fa-de5f5c4e-a4e489c7","metadata":{"@type":"type.googleapis.com/google.cloud.functions.v2.OperationMetadata","createTime":"2026-05-02T06:47:34.938021268Z","target":"projects/crackit-c11df/locations/us-central1/functions/ssrcrackitc11df","verb":"update","cancelRequested":false,"apiVersion":"v2","requestResource":{"@type":"type.googleapis.com/google.cloud.functions.v2.Function","name":"projects/crackit-c11df/locations/us-central1/functions/ssrcrackitc11df","buildConfig":{"runtime":"nodejs24","entryPoint":"ssrcrackitc11df","source":{"storageSource":{"bucket":"gcf-v2-sources-246640801896-us-central1","object":"ssrcrackitc11df/function-source.zip","generation":"1777704454889173"}},"environmentVariables":{"GOOGLE_NODE_RUN_SCRIPTS":""},"dockerRepository":"projects/crackit-c11df/locations/us-central1/repositories/gcf-artifacts","sourceProvenance":{"resolvedStorageSource":{"bucket":"gcf-v2-sources-246640801896-us-central1","object":"ssrcrackitc11df/function-source.zip","generation":"1777704095682521"}},"dockerRegistry":"ARTIFACT_REGISTRY","serviceAccount":"projects/crackit-c11df/serviceAccounts/246640801896-compute@developer.gserviceaccount.com","automaticUpdatePolicy":{}},"serviceConfig":{"service":"projects/crackit-c11df/locations/us-central1/services/ssrcrackitc11df","timeoutSeconds":60,"environmentVariables":{"NEXT_PUBLIC_SUPABASE_URL":"https://wgibbatdqxfwznbasvmz.supabase.co","NEXT_PUBLIC_SUPABASE_ANON_KEY":"sb_publishable_NAkhenHEZ79O8O6uO9F37Q_6RdnFcYm","NEXT_PUBLIC_FIREBASE_API_KEY":"AIzaSyASYY_zaVTxhdLWj28vTZ4Y5e7thbDIbGo","NEXT_PUBLIC_FIREBASE_AUTH_DOMAIN":"crackit-c11df.firebaseapp.com","NEXT_PUBLIC_FIREBASE_PROJECT_ID":"crackit-c11df","NEXT_PUBLIC_FIREBASE_STORAGE_BUCKET":"crackit-c11df.firebasestorage.app","NEXT_PUBLIC_FIREBASE_MESSAGING_SENDER_ID":"246640801896","NEXT_PUBLIC_FIREBASE_APP_ID":"1:246640801896:web:75c506a2ebb4aa2fde63dd","NEXT_PUBLIC_FIREBASE_MEASUREMENT_ID":"G-SFY7S48D68","OPENROUTER_API_KEY":"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","VERCEL_URL":"crackit-c11df.web.app","__FIREBASE_FRAMEWORKS_ENTRY__":"next.js","__FIREBASE_DEFAULTS__":"{\"config\":{\"projectId\":\"crackit-c11df\",\"appId\":\"1:246640801896:web:75c506a2ebb4aa2fde63dd\",\"storageBucket\":\"crackit-c11df.firebasestorage.app\",\"apiKey\":\"AIzaSyASYY_zaVTxhdLWj28vTZ4Y5e7thbDIbGo\",\"authDomain\":\"crackit-c11df.firebaseapp.com\",\"messagingSenderId\":\"246640801896\",\"measurementId\":\"G-SFY7S48D68\",\"projectNumber\":\"246640801896\",\"version\":\"2\"},\"_authTokenSyncURL\":\"/__session\"}","FIREBASE_CONFIG":"{\"projectId\":\"crackit-c11df\",\"storageBucket\":\"crackit-c11df.firebasestorage.app\"}","GCLOUD_PROJECT":"crackit-c11df","EVENTARC_CLOUD_EVENT_SOURCE":"projects/crackit-c11df/locations/us-central1/services/ssrcrackitc11df","FUNCTION_TARGET":"ssrcrackitc11df","LOG_EXECUTION_ID":"true"},"ingressSettings":"ALLOW_ALL","uri":"https://ssrcrackitc11df-h6eatnal4a-uc.a.run.app","serviceAccountEmail":"246640801896-compute@developer.gserviceaccount.com","availableMemory":"256Mi","allTrafficOnLatestRevision":true,"revision":"ssrcrackitc11df-00004-pip","maxInstanceRequestConcurrency":80,"availableCpu":"1"},"state":"ACTIVE","labels":{"deployment-tool":"cloud-console","firebase-functions-codebase":"firebase-frameworks-crackit-c11df","firebase-functions-hash":"547118e1b714a735b1dafcb0edff80fe88e3b67a"},"environment":"GEN_2","url":"https://us-central1-crackit-c11df.cloudfunctions.net/ssrcrackitc11df","satisfiesPzi":true},"stages":[{"name":"BUILD","message":"Build in progress","state":"IN_PROGRESS","resource":"projects/246640801896/locations/us-central1/builds/e25009e8-9957-45d3-914c-8fe049a6c793","resourceUri":"https://console.cloud.google.com/cloud-build/builds;region=us-central1/e25009e8-9957-45d3-914c-8fe049a6c793?project=246640801896"},{"name":"SERVICE","state":"NOT_STARTED"}],"operationType":"UPDATE_FUNCTION","buildName":"projects/246640801896/locations/us-central1/builds/e25009e8-9957-45d3-914c-8fe049a6c793"},"done":false}
[debug] [2026-05-02T06:47:35.422Z] [update-firebase-frameworks-crackit-c11df-us-central1-ssrcrackitc11df] Retrying task index 0
[debug] [2026-05-02T06:47:35.422Z] Checked if tokens are valid: true, expires at: 1777707577960
[debug] [2026-05-02T06:47:35.422Z] Checked if tokens are valid: true, expires at: 1777707577960
[debug] [2026-05-02T06:47:35.422Z] >>> [apiv2][query] GET https://cloudfunctions.googleapis.com/v2/projects/crackit-c11df/locations/us-central1/operations/operation-1777704454150-650d0128159fa-de5f5c4e-a4e489c7 [none]
[debug] [2026-05-02T06:47:36.813Z] <<< [apiv2][status] GET https://cloudfunctions.googleapis.com/v2/projects/crackit-c11df/locations/us-central1/operations/operation-1777704454150-650d0128159fa-de5f5c4e-a4e489c7 200
[debug] [2026-05-02T06:47:36.814Z] <<< [apiv2][body] GET https://cloudfunctions.googleapis.com/v2/projects/crackit-c11df/locations/us-central1/operations/operation-1777704454150-650d0128159fa-de5f5c4e-a4e489c7 {"name":"projects/crackit-c11df/locations/us-central1/operations/operation-1777704454150-650d0128159fa-de5f5c4e-a4e489c7","metadata":{"@type":"type.googleapis.com/google.cloud.functions.v2.OperationMetadata","createTime":"2026-05-02T06:47:34.938021268Z","target":"projects/crackit-c11df/locations/us-central1/functions/ssrcrackitc11df","verb":"update","cancelRequested":false,"apiVersion":"v2","requestResource":{"@type":"type.googleapis.com/google.cloud.functions.v2.Function","name":"projects/crackit-c11df/locations/us-central1/functions/ssrcrackitc11df","buildConfig":{"runtime":"nodejs24","entryPoint":"ssrcrackitc11df","source":{"storageSource":{"bucket":"gcf-v2-sources-246640801896-us-central1","object":"ssrcrackitc11df/function-source.zip","generation":"1777704454889173"}},"environmentVariables":{"GOOGLE_NODE_RUN_SCRIPTS":""},"dockerRepository":"projects/crackit-c11df/locations/us-central1/repositories/gcf-artifacts","sourceProvenance":{"resolvedStorageSource":{"bucket":"gcf-v2-sources-246640801896-us-central1","object":"ssrcrackitc11df/function-source.zip","generation":"1777704095682521"}},"dockerRegistry":"ARTIFACT_REGISTRY","serviceAccount":"projects/crackit-c11df/serviceAccounts/246640801896-compute@developer.gserviceaccount.com","automaticUpdatePolicy":{}},"serviceConfig":{"service":"projects/crackit-c11df/locations/us-central1/services/ssrcrackitc11df","timeoutSeconds":60,"environmentVariables":{"NEXT_PUBLIC_SUPABASE_URL":"https://wgibbatdqxfwznbasvmz.supabase.co","NEXT_PUBLIC_SUPABASE_ANON_KEY":"sb_publishable_NAkhenHEZ79O8O6uO9F37Q_6RdnFcYm","NEXT_PUBLIC_FIREBASE_API_KEY":"AIzaSyASYY_zaVTxhdLWj28vTZ4Y5e7thbDIbGo","NEXT_PUBLIC_FIREBASE_AUTH_DOMAIN":"crackit-c11df.firebaseapp.com","NEXT_PUBLIC_FIREBASE_PROJECT_ID":"crackit-c11df","NEXT_PUBLIC_FIREBASE_STORAGE_BUCKET":"crackit-c11df.firebasestorage.app","NEXT_PUBLIC_FIREBASE_MESSAGING_SENDER_ID":"246640801896","NEXT_PUBLIC_FIREBASE_APP_ID":"1:246640801896:web:75c506a2ebb4aa2fde63dd","NEXT_PUBLIC_FIREBASE_MEASUREMENT_ID":"G-SFY7S48D68","OPENROUTER_API_KEY":"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","VERCEL_URL":"crackit-c11df.web.app","__FIREBASE_FRAMEWORKS_ENTRY__":"next.js","__FIREBASE_DEFAULTS__":"{\"config\":{\"projectId\":\"crackit-c11df\",\"appId\":\"1:246640801896:web:75c506a2ebb4aa2fde63dd\",\"storageBucket\":\"crackit-c11df.firebasestorage.app\",\"apiKey\":\"AIzaSyASYY_zaVTxhdLWj28vTZ4Y5e7thbDIbGo\",\"authDomain\":\"crackit-c11df.firebaseapp.com\",\"messagingSenderId\":\"246640801896\",\"measurementId\":\"G-SFY7S48D68\",\"projectNumber\":\"246640801896\",\"version\":\"2\"},\"_authTokenSyncURL\":\"/__session\"}","FIREBASE_CONFIG":"{\"projectId\":\"crackit-c11df\",\"storageBucket\":\"crackit-c11df.firebasestorage.app\"}","GCLOUD_PROJECT":"crackit-c11df","EVENTARC_CLOUD_EVENT_SOURCE":"projects/crackit-c11df/locations/us-central1/services/ssrcrackitc11df","FUNCTION_TARGET":"ssrcrackitc11df","LOG_EXECUTION_ID":"true"},"ingressSettings":"ALLOW_ALL","uri":"https://ssrcrackitc11df-h6eatnal4a-uc.a.run.app","serviceAccountEmail":"246640801896-compute@developer.gserviceaccount.com","availableMemory":"256Mi","allTrafficOnLatestRevision":true,"revision":"ssrcrackitc11df-00004-pip","maxInstanceRequestConcurrency":80,"availableCpu":"1"},"state":"ACTIVE","labels":{"deployment-tool":"cloud-console","firebase-functions-codebase":"firebase-frameworks-crackit-c11df","firebase-functions-hash":"547118e1b714a735b1dafcb0edff80fe88e3b67a"},"environment":"GEN_2","url":"https://us-central1-crackit-c11df.cloudfunctions.net/ssrcrackitc11df","satisfiesPzi":true},"stages":[{"name":"BUILD","message":"Build in progress","state":"IN_PROGRESS","resource":"projects/246640801896/locations/us-central1/builds/e25009e8-9957-45d3-914c-8fe049a6c793","resourceUri":"https://console.cloud.google.com/cloud-build/builds;region=us-central1/e25009e8-9957-45d3-914c-8fe049a6c793?project=246640801896"},{"name":"SERVICE","state":"NOT_STARTED"}],"operationType":"UPDATE_FUNCTION","buildName":"projects/246640801896/locations/us-central1/builds/e25009e8-9957-45d3-914c-8fe049a6c793"},"done":false}
[debug] [2026-05-02T06:47:37.815Z] [update-firebase-frameworks-crackit-c11df-us-central1-ssrcrackitc11df] Retrying task index 0
[debug] [2026-05-02T06:47:37.816Z] Checked if tokens are valid: true, expires at: 1777707577960
[debug] [2026-05-02T06:47:37.816Z] Checked if tokens are valid: true, expires at: 1777707577960
[debug] [2026-05-02T06:47:37.816Z] >>> [apiv2][query] GET https://cloudfunctions.googleapis.com/v2/projects/crackit-c11df/locations/us-central1/operations/operation-1777704454150-650d0128159fa-de5f5c4e-a4e489c7 [none]
[debug] [2026-05-02T06:47:39.155Z] <<< [apiv2][status] GET https://cloudfunctions.googleapis.com/v2/projects/crackit-c11df/locations/us-central1/operations/operation-1777704454150-650d0128159fa-de5f5c4e-a4e489c7 200
[debug] [2026-05-02T06:47:39.156Z] <<< [apiv2][body] GET https://cloudfunctions.googleapis.com/v2/projects/crackit-c11df/locations/us-central1/operations/operation-1777704454150-650d0128159fa-de5f5c4e-a4e489c7 {"name":"projects/crackit-c11df/locations/us-central1/operations/operation-1777704454150-650d0128159fa-de5f5c4e-a4e489c7","metadata":{"@type":"type.googleapis.com/google.cloud.functions.v2.OperationMetadata","createTime":"2026-05-02T06:47:34.938021268Z","target":"projects/crackit-c11df/locations/us-central1/functions/ssrcrackitc11df","verb":"update","cancelRequested":false,"apiVersion":"v2","requestResource":{"@type":"type.googleapis.com/google.cloud.functions.v2.Function","name":"projects/crackit-c11df/locations/us-central1/functions/ssrcrackitc11df","buildConfig":{"runtime":"nodejs24","entryPoint":"ssrcrackitc11df","source":{"storageSource":{"bucket":"gcf-v2-sources-246640801896-us-central1","object":"ssrcrackitc11df/function-source.zip","generation":"1777704454889173"}},"environmentVariables":{"GOOGLE_NODE_RUN_SCRIPTS":""},"dockerRepository":"projects/crackit-c11df/locations/us-central1/repositories/gcf-artifacts","sourceProvenance":{"resolvedStorageSource":{"bucket":"gcf-v2-sources-246640801896-us-central1","object":"ssrcrackitc11df/function-source.zip","generation":"1777704095682521"}},"dockerRegistry":"ARTIFACT_REGISTRY","serviceAccount":"projects/crackit-c11df/serviceAccounts/246640801896-compute@developer.gserviceaccount.com","automaticUpdatePolicy":{}},"serviceConfig":{"service":"projects/crackit-c11df/locations/us-central1/services/ssrcrackitc11df","timeoutSeconds":60,"environmentVariables":{"NEXT_PUBLIC_SUPABASE_URL":"https://wgibbatdqxfwznbasvmz.supabase.co","NEXT_PUBLIC_SUPABASE_ANON_KEY":"sb_publishable_NAkhenHEZ79O8O6uO9F37Q_6RdnFcYm","NEXT_PUBLIC_FIREBASE_API_KEY":"AIzaSyASYY_zaVTxhdLWj28vTZ4Y5e7thbDIbGo","NEXT_PUBLIC_FIREBASE_AUTH_DOMAIN":"crackit-c11df.firebaseapp.com","NEXT_PUBLIC_FIREBASE_PROJECT_ID":"crackit-c11df","NEXT_PUBLIC_FIREBASE_STORAGE_BUCKET":"crackit-c11df.firebasestorage.app","NEXT_PUBLIC_FIREBASE_MESSAGING_SENDER_ID":"246640801896","NEXT_PUBLIC_FIREBASE_APP_ID":"1:246640801896:web:75c506a2ebb4aa2fde63dd","NEXT_PUBLIC_FIREBASE_MEASUREMENT_ID":"G-SFY7S48D68","OPENROUTER_API_KEY":"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","VERCEL_URL":"crackit-c11df.web.app","__FIREBASE_FRAMEWORKS_ENTRY__":"next.js","__FIREBASE_DEFAULTS__":"{\"config\":{\"projectId\":\"crackit-c11df\",\"appId\":\"1:246640801896:web:75c506a2ebb4aa2fde63dd\",\"storageBucket\":\"crackit-c11df.firebasestorage.app\",\"apiKey\":\"AIzaSyASYY_zaVTxhdLWj28vTZ4Y5e7thbDIbGo\",\"authDomain\":\"crackit-c11df.firebaseapp.com\",\"messagingSenderId\":\"246640801896\",\"measurementId\":\"G-SFY7S48D68\",\"projectNumber\":\"246640801896\",\"version\":\"2\"},\"_authTokenSyncURL\":\"/__session\"}","FIREBASE_CONFIG":"{\"projectId\":\"crackit-c11df\",\"storageBucket\":\"crackit-c11df.firebasestorage.app\"}","GCLOUD_PROJECT":"crackit-c11df","EVENTARC_CLOUD_EVENT_SOURCE":"projects/crackit-c11df/locations/us-central1/services/ssrcrackitc11df","FUNCTION_TARGET":"ssrcrackitc11df","LOG_EXECUTION_ID":"true"},"ingressSettings":"ALLOW_ALL","uri":"https://ssrcrackitc11df-h6eatnal4a-uc.a.run.app","serviceAccountEmail":"246640801896-compute@developer.gserviceaccount.com","availableMemory":"256Mi","allTrafficOnLatestRevision":true,"revision":"ssrcrackitc11df-00004-pip","maxInstanceRequestConcurrency":80,"availableCpu":"1"},"state":"ACTIVE","labels":{"deployment-tool":"cloud-console","firebase-functions-codebase":"firebase-frameworks-crackit-c11df","firebase-functions-hash":"547118e1b714a735b1dafcb0edff80fe88e3b67a"},"environment":"GEN_2","url":"https://us-central1-crackit-c11df.cloudfunctions.net/ssrcrackitc11df","satisfiesPzi":true},"stages":[{"name":"BUILD","message":"Build in progress","state":"IN_PROGRESS","resource":"projects/246640801896/locations/us-central1/builds/e25009e8-9957-45d3-914c-8fe049a6c793","resourceUri":"https://console.cloud.google.com/cloud-build/builds;region=us-central1/e25009e8-9957-45d3-914c-8fe049a6c793?project=246640801896"},{"name":"SERVICE","state":"NOT_STARTED"}],"operationType":"UPDATE_FUNCTION","buildName":"projects/246640801896/locations/us-central1/builds/e25009e8-9957-45d3-914c-8fe049a6c793"},"done":false}
[debug] [2026-05-02T06:47:41.169Z] [update-firebase-frameworks-crackit-c11df-us-central1-ssrcrackitc11df] Retrying task index 0
[debug] [2026-05-02T06:47:41.170Z] Checked if tokens are valid: true, expires at: 1777707577960
[debug] [2026-05-02T06:47:41.170Z] Checked if tokens are valid: true, expires at: 1777707577960
[debug] [2026-05-02T06:47:41.170Z] >>> [apiv2][query] GET https://cloudfunctions.googleapis.com/v2/projects/crackit-c11df/locations/us-central1/operations/operation-1777704454150-650d0128159fa-de5f5c4e-a4e489c7 [none]
[debug] [2026-05-02T06:47:42.464Z] <<< [apiv2][status] GET https://cloudfunctions.googleapis.com/v2/projects/crackit-c11df/locations/us-central1/operations/operation-1777704454150-650d0128159fa-de5f5c4e-a4e489c7 200
[debug] [2026-05-02T06:47:42.464Z] <<< [apiv2][body] GET https://cloudfunctions.googleapis.com/v2/projects/crackit-c11df/locations/us-central1/operations/operation-1777704454150-650d0128159fa-de5f5c4e-a4e489c7 {"name":"projects/crackit-c11df/locations/us-central1/operations/operation-1777704454150-650d0128159fa-de5f5c4e-a4e489c7","metadata":{"@type":"type.googleapis.com/google.cloud.functions.v2.OperationMetadata","createTime":"2026-05-02T06:47:34.938021268Z","target":"projects/crackit-c11df/locations/us-central1/functions/ssrcrackitc11df","verb":"update","cancelRequested":false,"apiVersion":"v2","requestResource":{"@type":"type.googleapis.com/google.cloud.functions.v2.Function","name":"projects/crackit-c11df/locations/us-central1/functions/ssrcrackitc11df","buildConfig":{"runtime":"nodejs24","entryPoint":"ssrcrackitc11df","source":{"storageSource":{"bucket":"gcf-v2-sources-246640801896-us-central1","object":"ssrcrackitc11df/function-source.zip","generation":"1777704454889173"}},"environmentVariables":{"GOOGLE_NODE_RUN_SCRIPTS":""},"dockerRepository":"projects/crackit-c11df/locations/us-central1/repositories/gcf-artifacts","sourceProvenance":{"resolvedStorageSource":{"bucket":"gcf-v2-sources-246640801896-us-central1","object":"ssrcrackitc11df/function-source.zip","generation":"1777704095682521"}},"dockerRegistry":"ARTIFACT_REGISTRY","serviceAccount":"projects/crackit-c11df/serviceAccounts/246640801896-compute@developer.gserviceaccount.com","automaticUpdatePolicy":{}},"serviceConfig":{"service":"projects/crackit-c11df/locations/us-central1/services/ssrcrackitc11df","timeoutSeconds":60,"environmentVariables":{"NEXT_PUBLIC_SUPABASE_URL":"https://wgibbatdqxfwznbasvmz.supabase.co","NEXT_PUBLIC_SUPABASE_ANON_KEY":"sb_publishable_NAkhenHEZ79O8O6uO9F37Q_6RdnFcYm","NEXT_PUBLIC_FIREBASE_API_KEY":"AIzaSyASYY_zaVTxhdLWj28vTZ4Y5e7thbDIbGo","NEXT_PUBLIC_FIREBASE_AUTH_DOMAIN":"crackit-c11df.firebaseapp.com","NEXT_PUBLIC_FIREBASE_PROJECT_ID":"crackit-c11df","NEXT_PUBLIC_FIREBASE_STORAGE_BUCKET":"crackit-c11df.firebasestorage.app","NEXT_PUBLIC_FIREBASE_MESSAGING_SENDER_ID":"246640801896","NEXT_PUBLIC_FIREBASE_APP_ID":"1:246640801896:web:75c506a2ebb4aa2fde63dd","NEXT_PUBLIC_FIREBASE_MEASUREMENT_ID":"G-SFY7S48D68","OPENROUTER_API_KEY":"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","VERCEL_URL":"crackit-c11df.web.app","__FIREBASE_FRAMEWORKS_ENTRY__":"next.js","__FIREBASE_DEFAULTS__":"{\"config\":{\"projectId\":\"crackit-c11df\",\"appId\":\"1:246640801896:web:75c506a2ebb4aa2fde63dd\",\"storageBucket\":\"crackit-c11df.firebasestorage.app\",\"apiKey\":\"AIzaSyASYY_zaVTxhdLWj28vTZ4Y5e7thbDIbGo\",\"authDomain\":\"crackit-c11df.firebaseapp.com\",\"messagingSenderId\":\"246640801896\",\"measurementId\":\"G-SFY7S48D68\",\"projectNumber\":\"246640801896\",\"version\":\"2\"},\"_authTokenSyncURL\":\"/__session\"}","FIREBASE_CONFIG":"{\"projectId\":\"crackit-c11df\",\"storageBucket\":\"crackit-c11df.firebasestorage.app\"}","GCLOUD_PROJECT":"crackit-c11df","EVENTARC_CLOUD_EVENT_SOURCE":"projects/crackit-c11df/locations/us-central1/services/ssrcrackitc11df","FUNCTION_TARGET":"ssrcrackitc11df","LOG_EXECUTION_ID":"true"},"ingressSettings":"ALLOW_ALL","uri":"https://ssrcrackitc11df-h6eatnal4a-uc.a.run.app","serviceAccountEmail":"246640801896-compute@developer.gserviceaccount.com","availableMemory":"256Mi","allTrafficOnLatestRevision":true,"revision":"ssrcrackitc11df-00004-pip","maxInstanceRequestConcurrency":80,"availableCpu":"1"},"state":"ACTIVE","labels":{"deployment-tool":"cloud-console","firebase-functions-codebase":"firebase-frameworks-crackit-c11df","firebase-functions-hash":"547118e1b714a735b1dafcb0edff80fe88e3b67a"},"environment":"GEN_2","url":"https://us-central1-crackit-c11df.cloudfunctions.net/ssrcrackitc11df","satisfiesPzi":true},"stages":[{"name":"BUILD","message":"Build in progress","state":"IN_PROGRESS","resource":"projects/246640801896/locations/us-central1/builds/e25009e8-9957-45d3-914c-8fe049a6c793","resourceUri":"https://console.cloud.google.com/cloud-build/builds;region=us-central1/e25009e8-9957-45d3-914c-8fe049a6c793?project=246640801896"},{"name":"SERVICE","state":"NOT_STARTED"}],"operationType":"UPDATE_FUNCTION","buildName":"projects/246640801896/locations/us-central1/builds/e25009e8-9957-45d3-914c-8fe049a6c793"},"done":false}
[debug] [2026-05-02T06:47:46.471Z] [update-firebase-frameworks-crackit-c11df-us-central1-ssrcrackitc11df] Retrying task index 0
[debug] [2026-05-02T06:47:46.472Z] Checked if tokens are valid: true, expires at: 1777707577960
[debug] [2026-05-02T06:47:46.472Z] Checked if tokens are valid: true, expires at: 1777707577960
[debug] [2026-05-02T06:47:46.472Z] >>> [apiv2][query] GET https://cloudfunctions.googleapis.com/v2/projects/crackit-c11df/locations/us-central1/operations/operation-1777704454150-650d0128159fa-de5f5c4e-a4e489c7 [none]
[debug] [2026-05-02T06:47:47.801Z] <<< [apiv2][status] GET https://cloudfunctions.googleapis.com/v2/projects/crackit-c11df/locations/us-central1/operations/operation-1777704454150-650d0128159fa-de5f5c4e-a4e489c7 200
[debug] [2026-05-02T06:47:47.801Z] <<< [apiv2][body] GET https://cloudfunctions.googleapis.com/v2/projects/crackit-c11df/locations/us-central1/operations/operation-1777704454150-650d0128159fa-de5f5c4e-a4e489c7 {"name":"projects/crackit-c11df/locations/us-central1/operations/operation-1777704454150-650d0128159fa-de5f5c4e-a4e489c7","metadata":{"@type":"type.googleapis.com/google.cloud.functions.v2.OperationMetadata","createTime":"2026-05-02T06:47:34.938021268Z","target":"projects/crackit-c11df/locations/us-central1/functions/ssrcrackitc11df","verb":"update","cancelRequested":false,"apiVersion":"v2","requestResource":{"@type":"type.googleapis.com/google.cloud.functions.v2.Function","name":"projects/crackit-c11df/locations/us-central1/functions/ssrcrackitc11df","buildConfig":{"runtime":"nodejs24","entryPoint":"ssrcrackitc11df","source":{"storageSource":{"bucket":"gcf-v2-sources-246640801896-us-central1","object":"ssrcrackitc11df/function-source.zip","generation":"1777704454889173"}},"environmentVariables":{"GOOGLE_NODE_RUN_SCRIPTS":""},"dockerRepository":"projects/crackit-c11df/locations/us-central1/repositories/gcf-artifacts","sourceProvenance":{"resolvedStorageSource":{"bucket":"gcf-v2-sources-246640801896-us-central1","object":"ssrcrackitc11df/function-source.zip","generation":"1777704095682521"}},"dockerRegistry":"ARTIFACT_REGISTRY","serviceAccount":"projects/crackit-c11df/serviceAccounts/246640801896-compute@developer.gserviceaccount.com","automaticUpdatePolicy":{}},"serviceConfig":{"service":"projects/crackit-c11df/locations/us-central1/services/ssrcrackitc11df","timeoutSeconds":60,"environmentVariables":{"NEXT_PUBLIC_SUPABASE_URL":"https://wgibbatdqxfwznbasvmz.supabase.co","NEXT_PUBLIC_SUPABASE_ANON_KEY":"sb_publishable_NAkhenHEZ79O8O6uO9F37Q_6RdnFcYm","NEXT_PUBLIC_FIREBASE_API_KEY":"AIzaSyASYY_zaVTxhdLWj28vTZ4Y5e7thbDIbGo","NEXT_PUBLIC_FIREBASE_AUTH_DOMAIN":"crackit-c11df.firebaseapp.com","NEXT_PUBLIC_FIREBASE_PROJECT_ID":"crackit-c11df","NEXT_PUBLIC_FIREBASE_STORAGE_BUCKET":"crackit-c11df.firebasestorage.app","NEXT_PUBLIC_FIREBASE_MESSAGING_SENDER_ID":"246640801896","NEXT_PUBLIC_FIREBASE_APP_ID":"1:246640801896:web:75c506a2ebb4aa2fde63dd","NEXT_PUBLIC_FIREBASE_MEASUREMENT_ID":"G-SFY7S48D68","OPENROUTER_API_KEY":"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","VERCEL_URL":"crackit-c11df.web.app","__FIREBASE_FRAMEWORKS_ENTRY__":"next.js","__FIREBASE_DEFAULTS__":"{\"config\":{\"projectId\":\"crackit-c11df\",\"appId\":\"1:246640801896:web:75c506a2ebb4aa2fde63dd\",\"storageBucket\":\"crackit-c11df.firebasestorage.app\",\"apiKey\":\"AIzaSyASYY_zaVTxhdLWj28vTZ4Y5e7thbDIbGo\",\"authDomain\":\"crackit-c11df.firebaseapp.com\",\"messagingSenderId\":\"246640801896\",\"measurementId\":\"G-SFY7S48D68\",\"projectNumber\":\"246640801896\",\"version\":\"2\"},\"_authTokenSyncURL\":\"/__session\"}","FIREBASE_CONFIG":"{\"projectId\":\"crackit-c11df\",\"storageBucket\":\"crackit-c11df.firebasestorage.app\"}","GCLOUD_PROJECT":"crackit-c11df","EVENTARC_CLOUD_EVENT_SOURCE":"projects/crackit-c11df/locations/us-central1/services/ssrcrackitc11df","FUNCTION_TARGET":"ssrcrackitc11df","LOG_EXECUTION_ID":"true"},"ingressSettings":"ALLOW_ALL","uri":"https://ssrcrackitc11df-h6eatnal4a-uc.a.run.app","serviceAccountEmail":"246640801896-compute@developer.gserviceaccount.com","availableMemory":"256Mi","allTrafficOnLatestRevision":true,"revision":"ssrcrackitc11df-00004-pip","maxInstanceRequestConcurrency":80,"availableCpu":"1"},"state":"ACTIVE","labels":{"deployment-tool":"cloud-console","firebase-functions-codebase":"firebase-frameworks-crackit-c11df","firebase-functions-hash":"547118e1b714a735b1dafcb0edff80fe88e3b67a"},"environment":"GEN_2","url":"https://us-central1-crackit-c11df.cloudfunctions.net/ssrcrackitc11df","satisfiesPzi":true},"stages":[{"name":"BUILD","message":"Build in progress","state":"IN_PROGRESS","resource":"projects/246640801896/locations/us-central1/builds/e25009e8-9957-45d3-914c-8fe049a6c793","resourceUri":"https://console.cloud.google.com/cloud-build/builds;region=us-central1/e25009e8-9957-45d3-914c-8fe049a6c793?project=246640801896"},{"name":"SERVICE","state":"NOT_STARTED"}],"operationType":"UPDATE_FUNCTION","buildName":"projects/246640801896/locations/us-central1/builds/e25009e8-9957-45d3-914c-8fe049a6c793"},"done":false}
[debug] [2026-05-02T06:47:55.806Z] [update-firebase-frameworks-crackit-c11df-us-central1-ssrcrackitc11df] Retrying task index 0
[debug] [2026-05-02T06:47:55.806Z] Checked if tokens are valid: true, expires at: 1777707577960
[debug] [2026-05-02T06:47:55.806Z] Checked if tokens are valid: true, expires at: 1777707577960
[debug] [2026-05-02T06:47:55.806Z] >>> [apiv2][query] GET https://cloudfunctions.googleapis.com/v2/projects/crackit-c11df/locations/us-central1/operations/operation-1777704454150-650d0128159fa-de5f5c4e-a4e489c7 [none]
[debug] [2026-05-02T06:47:57.222Z] <<< [apiv2][status] GET https://cloudfunctions.googleapis.com/v2/projects/crackit-c11df/locations/us-central1/operations/operation-1777704454150-650d0128159fa-de5f5c4e-a4e489c7 200
[debug] [2026-05-02T06:47:57.222Z] <<< [apiv2][body] GET https://cloudfunctions.googleapis.com/v2/projects/crackit-c11df/locations/us-central1/operations/operation-1777704454150-650d0128159fa-de5f5c4e-a4e489c7 {"name":"projects/crackit-c11df/locations/us-central1/operations/operation-1777704454150-650d0128159fa-de5f5c4e-a4e489c7","metadata":{"@type":"type.googleapis.com/google.cloud.functions.v2.OperationMetadata","createTime":"2026-05-02T06:47:34.938021268Z","target":"projects/crackit-c11df/locations/us-central1/functions/ssrcrackitc11df","verb":"update","cancelRequested":false,"apiVersion":"v2","requestResource":{"@type":"type.googleapis.com/google.cloud.functions.v2.Function","name":"projects/crackit-c11df/locations/us-central1/functions/ssrcrackitc11df","buildConfig":{"runtime":"nodejs24","entryPoint":"ssrcrackitc11df","source":{"storageSource":{"bucket":"gcf-v2-sources-246640801896-us-central1","object":"ssrcrackitc11df/function-source.zip","generation":"1777704454889173"}},"environmentVariables":{"GOOGLE_NODE_RUN_SCRIPTS":""},"dockerRepository":"projects/crackit-c11df/locations/us-central1/repositories/gcf-artifacts","sourceProvenance":{"resolvedStorageSource":{"bucket":"gcf-v2-sources-246640801896-us-central1","object":"ssrcrackitc11df/function-source.zip","generation":"1777704095682521"}},"dockerRegistry":"ARTIFACT_REGISTRY","serviceAccount":"projects/crackit-c11df/serviceAccounts/246640801896-compute@developer.gserviceaccount.com","automaticUpdatePolicy":{}},"serviceConfig":{"service":"projects/crackit-c11df/locations/us-central1/services/ssrcrackitc11df","timeoutSeconds":60,"environmentVariables":{"NEXT_PUBLIC_SUPABASE_URL":"https://wgibbatdqxfwznbasvmz.supabase.co","NEXT_PUBLIC_SUPABASE_ANON_KEY":"sb_publishable_NAkhenHEZ79O8O6uO9F37Q_6RdnFcYm","NEXT_PUBLIC_FIREBASE_API_KEY":"AIzaSyASYY_zaVTxhdLWj28vTZ4Y5e7thbDIbGo","NEXT_PUBLIC_FIREBASE_AUTH_DOMAIN":"crackit-c11df.firebaseapp.com","NEXT_PUBLIC_FIREBASE_PROJECT_ID":"crackit-c11df","NEXT_PUBLIC_FIREBASE_STORAGE_BUCKET":"crackit-c11df.firebasestorage.app","NEXT_PUBLIC_FIREBASE_MESSAGING_SENDER_ID":"246640801896","NEXT_PUBLIC_FIREBASE_APP_ID":"1:246640801896:web:75c506a2ebb4aa2fde63dd","NEXT_PUBLIC_FIREBASE_MEASUREMENT_ID":"G-SFY7S48D68","OPENROUTER_API_KEY":"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","VERCEL_URL":"crackit-c11df.web.app","__FIREBASE_FRAMEWORKS_ENTRY__":"next.js","__FIREBASE_DEFAULTS__":"{\"config\":{\"projectId\":\"crackit-c11df\",\"appId\":\"1:246640801896:web:75c506a2ebb4aa2fde63dd\",\"storageBucket\":\"crackit-c11df.firebasestorage.app\",\"apiKey\":\"AIzaSyASYY_zaVTxhdLWj28vTZ4Y5e7thbDIbGo\",\"authDomain\":\"crackit-c11df.firebaseapp.com\",\"messagingSenderId\":\"246640801896\",\"measurementId\":\"G-SFY7S48D68\",\"projectNumber\":\"246640801896\",\"version\":\"2\"},\"_authTokenSyncURL\":\"/__session\"}","FIREBASE_CONFIG":"{\"projectId\":\"crackit-c11df\",\"storageBucket\":\"crackit-c11df.firebasestorage.app\"}","GCLOUD_PROJECT":"crackit-c11df","EVENTARC_CLOUD_EVENT_SOURCE":"projects/crackit-c11df/locations/us-central1/services/ssrcrackitc11df","FUNCTION_TARGET":"ssrcrackitc11df","LOG_EXECUTION_ID":"true"},"ingressSettings":"ALLOW_ALL","uri":"https://ssrcrackitc11df-h6eatnal4a-uc.a.run.app","serviceAccountEmail":"246640801896-compute@developer.gserviceaccount.com","availableMemory":"256Mi","allTrafficOnLatestRevision":true,"revision":"ssrcrackitc11df-00004-pip","maxInstanceRequestConcurrency":80,"availableCpu":"1"},"state":"ACTIVE","labels":{"deployment-tool":"cloud-console","firebase-functions-codebase":"firebase-frameworks-crackit-c11df","firebase-functions-hash":"547118e1b714a735b1dafcb0edff80fe88e3b67a"},"environment":"GEN_2","url":"https://us-central1-crackit-c11df.cloudfunctions.net/ssrcrackitc11df","satisfiesPzi":true},"stages":[{"name":"BUILD","message":"Build in progress","state":"IN_PROGRESS","resource":"projects/246640801896/locations/us-central1/builds/e25009e8-9957-45d3-914c-8fe049a6c793","resourceUri":"https://console.cloud.google.com/cloud-build/builds;region=us-central1/e25009e8-9957-45d3-914c-8fe049a6c793?project=246640801896"},{"name":"SERVICE","state":"NOT_STARTED"}],"operationType":"UPDATE_FUNCTION","buildName":"projects/246640801896/locations/us-central1/builds/e25009e8-9957-45d3-914c-8fe049a6c793"},"done":false}
[debug] [2026-05-02T06:48:07.225Z] [update-firebase-frameworks-crackit-c11df-us-central1-ssrcrackitc11df] Retrying task index 0
[debug] [2026-05-02T06:48:07.225Z] Checked if tokens are valid: true, expires at: 1777707577960
[debug] [2026-05-02T06:48:07.226Z] Checked if tokens are valid: true, expires at: 1777707577960
[debug] [2026-05-02T06:48:07.226Z] >>> [apiv2][query] GET https://cloudfunctions.googleapis.com/v2/projects/crackit-c11df/locations/us-central1/operations/operation-1777704454150-650d0128159fa-de5f5c4e-a4e489c7 [none]
[debug] [2026-05-02T06:48:08.608Z] <<< [apiv2][status] GET https://cloudfunctions.googleapis.com/v2/projects/crackit-c11df/locations/us-central1/operations/operation-1777704454150-650d0128159fa-de5f5c4e-a4e489c7 200
[debug] [2026-05-02T06:48:08.608Z] <<< [apiv2][body] GET https://cloudfunctions.googleapis.com/v2/projects/crackit-c11df/locations/us-central1/operations/operation-1777704454150-650d0128159fa-de5f5c4e-a4e489c7 {"name":"projects/crackit-c11df/locations/us-central1/operations/operation-1777704454150-650d0128159fa-de5f5c4e-a4e489c7","metadata":{"@type":"type.googleapis.com/google.cloud.functions.v2.OperationMetadata","createTime":"2026-05-02T06:47:34.938021268Z","target":"projects/crackit-c11df/locations/us-central1/functions/ssrcrackitc11df","verb":"update","cancelRequested":false,"apiVersion":"v2","requestResource":{"@type":"type.googleapis.com/google.cloud.functions.v2.Function","name":"projects/crackit-c11df/locations/us-central1/functions/ssrcrackitc11df","buildConfig":{"runtime":"nodejs24","entryPoint":"ssrcrackitc11df","source":{"storageSource":{"bucket":"gcf-v2-sources-246640801896-us-central1","object":"ssrcrackitc11df/function-source.zip","generation":"1777704454889173"}},"environmentVariables":{"GOOGLE_NODE_RUN_SCRIPTS":""},"dockerRepository":"projects/crackit-c11df/locations/us-central1/repositories/gcf-artifacts","sourceProvenance":{"resolvedStorageSource":{"bucket":"gcf-v2-sources-246640801896-us-central1","object":"ssrcrackitc11df/function-source.zip","generation":"1777704095682521"}},"dockerRegistry":"ARTIFACT_REGISTRY","serviceAccount":"projects/crackit-c11df/serviceAccounts/246640801896-compute@developer.gserviceaccount.com","automaticUpdatePolicy":{}},"serviceConfig":{"service":"projects/crackit-c11df/locations/us-central1/services/ssrcrackitc11df","timeoutSeconds":60,"environmentVariables":{"NEXT_PUBLIC_SUPABASE_URL":"https://wgibbatdqxfwznbasvmz.supabase.co","NEXT_PUBLIC_SUPABASE_ANON_KEY":"sb_publishable_NAkhenHEZ79O8O6uO9F37Q_6RdnFcYm","NEXT_PUBLIC_FIREBASE_API_KEY":"AIzaSyASYY_zaVTxhdLWj28vTZ4Y5e7thbDIbGo","NEXT_PUBLIC_FIREBASE_AUTH_DOMAIN":"crackit-c11df.firebaseapp.com","NEXT_PUBLIC_FIREBASE_PROJECT_ID":"crackit-c11df","NEXT_PUBLIC_FIREBASE_STORAGE_BUCKET":"crackit-c11df.firebasestorage.app","NEXT_PUBLIC_FIREBASE_MESSAGING_SENDER_ID":"246640801896","NEXT_PUBLIC_FIREBASE_APP_ID":"1:246640801896:web:75c506a2ebb4aa2fde63dd","NEXT_PUBLIC_FIREBASE_MEASUREMENT_ID":"G-SFY7S48D68","OPENROUTER_API_KEY":"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","VERCEL_URL":"crackit-c11df.web.app","__FIREBASE_FRAMEWORKS_ENTRY__":"next.js","__FIREBASE_DEFAULTS__":"{\"config\":{\"projectId\":\"crackit-c11df\",\"appId\":\"1:246640801896:web:75c506a2ebb4aa2fde63dd\",\"storageBucket\":\"crackit-c11df.firebasestorage.app\",\"apiKey\":\"AIzaSyASYY_zaVTxhdLWj28vTZ4Y5e7thbDIbGo\",\"authDomain\":\"crackit-c11df.firebaseapp.com\",\"messagingSenderId\":\"246640801896\",\"measurementId\":\"G-SFY7S48D68\",\"projectNumber\":\"246640801896\",\"version\":\"2\"},\"_authTokenSyncURL\":\"/__session\"}","FIREBASE_CONFIG":"{\"projectId\":\"crackit-c11df\",\"storageBucket\":\"crackit-c11df.firebasestorage.app\"}","GCLOUD_PROJECT":"crackit-c11df","EVENTARC_CLOUD_EVENT_SOURCE":"projects/crackit-c11df/locations/us-central1/services/ssrcrackitc11df","FUNCTION_TARGET":"ssrcrackitc11df","LOG_EXECUTION_ID":"true"},"ingressSettings":"ALLOW_ALL","uri":"https://ssrcrackitc11df-h6eatnal4a-uc.a.run.app","serviceAccountEmail":"246640801896-compute@developer.gserviceaccount.com","availableMemory":"256Mi","allTrafficOnLatestRevision":true,"revision":"ssrcrackitc11df-00004-pip","maxInstanceRequestConcurrency":80,"availableCpu":"1"},"state":"ACTIVE","labels":{"deployment-tool":"cloud-console","firebase-functions-codebase":"firebase-frameworks-crackit-c11df","firebase-functions-hash":"547118e1b714a735b1dafcb0edff80fe88e3b67a"},"environment":"GEN_2","url":"https://us-central1-crackit-c11df.cloudfunctions.net/ssrcrackitc11df","satisfiesPzi":true},"stages":[{"name":"BUILD","message":"Build in progress","state":"IN_PROGRESS","resource":"projects/246640801896/locations/us-central1/builds/e25009e8-9957-45d3-914c-8fe049a6c793","resourceUri":"https://console.cloud.google.com/cloud-build/builds;region=us-central1/e25009e8-9957-45d3-914c-8fe049a6c793?project=246640801896"},{"name":"SERVICE","state":"NOT_STARTED"}],"operationType":"UPDATE_FUNCTION","buildName":"projects/246640801896/locations/us-central1/builds/e25009e8-9957-45d3-914c-8fe049a6c793"},"done":false}
